{"C:\\Users\\korbu\\HTMLacademy\\6cities\\src\\browser-history.js": {"path":"C:\\Users\\korbu\\HTMLacademy\\6cities\\src\\browser-history.js","statementMap":{"0":{"start":{"line":3,"column":23},"end":{"line":3,"column":45}}},"fnMap":{},"branchMap":{},"s":{"0":8},"f":{},"b":{},"_coverageSchema":"1a1c01bbd47fc00a2c39e90264f33305004495a9","hash":"0c4fce989f12eb8bcbaaeb589117eef8836cfd06"}
,"C:\\Users\\korbu\\HTMLacademy\\6cities\\src\\const.js": {"path":"C:\\Users\\korbu\\HTMLacademy\\6cities\\src\\const.js","statementMap":{"0":{"start":{"line":1,"column":26},"end":{"line":50,"column":1}},"1":{"start":{"line":52,"column":24},"end":{"line":59,"column":1}},"2":{"start":{"line":61,"column":25},"end":{"line":66,"column":1}},"3":{"start":{"line":68,"column":35},"end":{"line":71,"column":1}},"4":{"start":{"line":73,"column":27},"end":{"line":78,"column":1}},"5":{"start":{"line":80,"column":22},"end":{"line":82,"column":1}},"6":{"start":{"line":84,"column":27},"end":{"line":90,"column":1}},"7":{"start":{"line":92,"column":30},"end":{"line":98,"column":1}},"8":{"start":{"line":100,"column":29},"end":{"line":100,"column":33}},"9":{"start":{"line":102,"column":28},"end":{"line":102,"column":79}}},"fnMap":{},"branchMap":{},"s":{"0":37,"1":37,"2":37,"3":37,"4":37,"5":37,"6":37,"7":37,"8":37,"9":37},"f":{},"b":{},"_coverageSchema":"1a1c01bbd47fc00a2c39e90264f33305004495a9","hash":"5f5a7d15b53ec0b8bf8f98172dcbd6cbe930f601"}
,"C:\\Users\\korbu\\HTMLacademy\\6cities\\src\\style-mock.js": {"path":"C:\\Users\\korbu\\HTMLacademy\\6cities\\src\\style-mock.js","statementMap":{},"fnMap":{},"branchMap":{},"s":{},"f":{},"b":{},"_coverageSchema":"1a1c01bbd47fc00a2c39e90264f33305004495a9","hash":"5568ef88a99a6f06efa9ac027c9bd18f438ec8ba"}
,"C:\\Users\\korbu\\HTMLacademy\\6cities\\src\\utils.js": {"path":"C:\\Users\\korbu\\HTMLacademy\\6cities\\src\\utils.js","statementMap":{"0":{"start":{"line":3,"column":30},"end":{"line":7,"column":1}},"1":{"start":{"line":4,"column":2},"end":{"line":6,"column":9}},"2":{"start":{"line":5,"column":4},"end":{"line":5,"column":37}},"3":{"start":{"line":9,"column":36},"end":{"line":25,"column":1}},"4":{"start":{"line":11,"column":17},"end":{"line":11,"column":38}},"5":{"start":{"line":13,"column":2},"end":{"line":24,"column":9}},"6":{"start":{"line":14,"column":32},"end":{"line":16,"column":6}},"7":{"start":{"line":15,"column":6},"end":{"line":15,"column":44}},"8":{"start":{"line":17,"column":26},"end":{"line":19,"column":5}},"9":{"start":{"line":20,"column":4},"end":{"line":23,"column":6}},"10":{"start":{"line":27,"column":33},"end":{"line":27,"column":76}},"11":{"start":{"line":27,"column":54},"end":{"line":27,"column":75}},"12":{"start":{"line":29,"column":36},"end":{"line":29,"column":85}},"13":{"start":{"line":29,"column":57},"end":{"line":29,"column":84}},"14":{"start":{"line":31,"column":38},"end":{"line":31,"column":87}},"15":{"start":{"line":31,"column":59},"end":{"line":31,"column":86}},"16":{"start":{"line":33,"column":30},"end":{"line":33,"column":81}},"17":{"start":{"line":33,"column":51},"end":{"line":33,"column":80}},"18":{"start":{"line":35,"column":31},"end":{"line":50,"column":1}},"19":{"start":{"line":36,"column":21},"end":{"line":36,"column":35}},"20":{"start":{"line":38,"column":2},"end":{"line":49,"column":3}},"21":{"start":{"line":40,"column":6},"end":{"line":40,"column":48}},"22":{"start":{"line":42,"column":6},"end":{"line":42,"column":51}},"23":{"start":{"line":44,"column":6},"end":{"line":44,"column":53}},"24":{"start":{"line":46,"column":6},"end":{"line":46,"column":45}},"25":{"start":{"line":48,"column":6},"end":{"line":48,"column":24}},"26":{"start":{"line":52,"column":31},"end":{"line":55,"column":1}},"27":{"start":{"line":57,"column":33},"end":{"line":57,"column":79}},"28":{"start":{"line":57,"column":43},"end":{"line":57,"column":78}}},"fnMap":{"0":{"name":"(anonymous_0)","decl":{"start":{"line":3,"column":30},"end":{"line":3,"column":31}},"loc":{"start":{"line":3,"column":42},"end":{"line":7,"column":1}},"line":3},"1":{"name":"(anonymous_1)","decl":{"start":{"line":4,"column":23},"end":{"line":4,"column":24}},"loc":{"start":{"line":4,"column":39},"end":{"line":6,"column":3}},"line":4},"2":{"name":"(anonymous_2)","decl":{"start":{"line":9,"column":36},"end":{"line":9,"column":37}},"loc":{"start":{"line":9,"column":48},"end":{"line":25,"column":1}},"line":9},"3":{"name":"(anonymous_3)","decl":{"start":{"line":13,"column":23},"end":{"line":13,"column":24}},"loc":{"start":{"line":13,"column":38},"end":{"line":24,"column":3}},"line":13},"4":{"name":"(anonymous_4)","decl":{"start":{"line":14,"column":46},"end":{"line":14,"column":47}},"loc":{"start":{"line":14,"column":57},"end":{"line":16,"column":5}},"line":14},"5":{"name":"(anonymous_5)","decl":{"start":{"line":27,"column":33},"end":{"line":27,"column":34}},"loc":{"start":{"line":27,"column":54},"end":{"line":27,"column":75}},"line":27},"6":{"name":"(anonymous_6)","decl":{"start":{"line":29,"column":36},"end":{"line":29,"column":37}},"loc":{"start":{"line":29,"column":57},"end":{"line":29,"column":84}},"line":29},"7":{"name":"(anonymous_7)","decl":{"start":{"line":31,"column":38},"end":{"line":31,"column":39}},"loc":{"start":{"line":31,"column":59},"end":{"line":31,"column":86}},"line":31},"8":{"name":"(anonymous_8)","decl":{"start":{"line":33,"column":30},"end":{"line":33,"column":31}},"loc":{"start":{"line":33,"column":51},"end":{"line":33,"column":80}},"line":33},"9":{"name":"(anonymous_9)","decl":{"start":{"line":35,"column":31},"end":{"line":35,"column":32}},"loc":{"start":{"line":35,"column":53},"end":{"line":50,"column":1}},"line":35},"10":{"name":"(anonymous_10)","decl":{"start":{"line":57,"column":33},"end":{"line":57,"column":34}},"loc":{"start":{"line":57,"column":43},"end":{"line":57,"column":78}},"line":57}},"branchMap":{"0":{"loc":{"start":{"line":38,"column":2},"end":{"line":49,"column":3}},"type":"switch","locations":[{"start":{"line":39,"column":4},"end":{"line":40,"column":48}},{"start":{"line":41,"column":4},"end":{"line":42,"column":51}},{"start":{"line":43,"column":4},"end":{"line":44,"column":53}},{"start":{"line":45,"column":4},"end":{"line":46,"column":45}},{"start":{"line":47,"column":4},"end":{"line":48,"column":24}}],"line":38}},"s":{"0":9,"1":2,"2":22,"3":9,"4":2,"5":2,"6":12,"7":132,"8":12,"9":12,"10":9,"11":3,"12":9,"13":3,"14":9,"15":4,"16":9,"17":2,"18":9,"19":0,"20":0,"21":0,"22":0,"23":0,"24":0,"25":0,"26":9,"27":9,"28":2},"f":{"0":2,"1":22,"2":2,"3":12,"4":132,"5":3,"6":3,"7":4,"8":2,"9":0,"10":2},"b":{"0":[0,0,0,0,0]},"_coverageSchema":"1a1c01bbd47fc00a2c39e90264f33305004495a9","hash":"81750bd722aa076a6bd5c857fe28ec39389b75f8"}
,"C:\\Users\\korbu\\HTMLacademy\\6cities\\src\\components\\app\\app.jsx": {"path":"C:\\Users\\korbu\\HTMLacademy\\6cities\\src\\components\\app\\app.jsx","statementMap":{"0":{"start":{"line":11,"column":12},"end":{"line":41,"column":1}},"1":{"start":{"line":12,"column":2},"end":{"line":40,"column":4}},"2":{"start":{"line":22,"column":39},"end":{"line":22,"column":58}},"3":{"start":{"line":22,"column":74},"end":{"line":22,"column":115}},"4":{"start":{"line":26,"column":28},"end":{"line":26,"column":54}},"5":{"start":{"line":28,"column":8},"end":{"line":32,"column":10}}},"fnMap":{"0":{"name":"(anonymous_0)","decl":{"start":{"line":11,"column":12},"end":{"line":11,"column":13}},"loc":{"start":{"line":11,"column":18},"end":{"line":41,"column":1}},"line":11},"1":{"name":"(anonymous_1)","decl":{"start":{"line":22,"column":33},"end":{"line":22,"column":34}},"loc":{"start":{"line":22,"column":39},"end":{"line":22,"column":58}},"line":22},"2":{"name":"(anonymous_2)","decl":{"start":{"line":22,"column":68},"end":{"line":22,"column":69}},"loc":{"start":{"line":22,"column":74},"end":{"line":22,"column":115}},"line":22},"3":{"name":"(anonymous_3)","decl":{"start":{"line":25,"column":59},"end":{"line":25,"column":60}},"loc":{"start":{"line":25,"column":75},"end":{"line":33,"column":7}},"line":25}},"branchMap":{},"s":{"0":1,"1":1,"2":0,"3":0,"4":0,"5":0},"f":{"0":1,"1":0,"2":0,"3":0},"b":{},"_coverageSchema":"1a1c01bbd47fc00a2c39e90264f33305004495a9","hash":"7544bcc311bd5357024c221cd96c878c17604ace"}
,"C:\\Users\\korbu\\HTMLacademy\\6cities\\src\\components\\cities-card\\cities-card.jsx": {"path":"C:\\Users\\korbu\\HTMLacademy\\6cities\\src\\components\\cities-card\\cities-card.jsx","statementMap":{"0":{"start":{"line":11,"column":19},"end":{"line":80,"column":1}},"1":{"start":{"line":12,"column":120},"end":{"line":12,"column":124}},"2":{"start":{"line":13,"column":27},"end":{"line":13,"column":60}},"3":{"start":{"line":15,"column":22},"end":{"line":15,"column":68}},"4":{"start":{"line":15,"column":45},"end":{"line":15,"column":67}},"5":{"start":{"line":16,"column":30},"end":{"line":16,"column":84}},"6":{"start":{"line":16,"column":53},"end":{"line":16,"column":83}},"7":{"start":{"line":18,"column":19},"end":{"line":18,"column":32}},"8":{"start":{"line":20,"column":28},"end":{"line":22,"column":3}},"9":{"start":{"line":21,"column":4},"end":{"line":21,"column":23}},"10":{"start":{"line":23,"column":26},"end":{"line":25,"column":3}},"11":{"start":{"line":24,"column":4},"end":{"line":24,"column":25}},"12":{"start":{"line":27,"column":30},"end":{"line":35,"column":3}},"13":{"start":{"line":28,"column":4},"end":{"line":34,"column":5}},"14":{"start":{"line":29,"column":6},"end":{"line":29,"column":52}},"15":{"start":{"line":31,"column":29},"end":{"line":31,"column":48}},"16":{"start":{"line":32,"column":6},"end":{"line":32,"column":55}},"17":{"start":{"line":33,"column":6},"end":{"line":33,"column":55}},"18":{"start":{"line":37,"column":2},"end":{"line":79,"column":4}},"19":{"start":{"line":82,"column":0},"end":{"line":85,"column":2}}},"fnMap":{"0":{"name":"(anonymous_0)","decl":{"start":{"line":11,"column":19},"end":{"line":11,"column":20}},"loc":{"start":{"line":11,"column":47},"end":{"line":80,"column":1}},"line":11},"1":{"name":"(anonymous_1)","decl":{"start":{"line":15,"column":34},"end":{"line":15,"column":35}},"loc":{"start":{"line":15,"column":45},"end":{"line":15,"column":67}},"line":15},"2":{"name":"(anonymous_2)","decl":{"start":{"line":16,"column":42},"end":{"line":16,"column":43}},"loc":{"start":{"line":16,"column":53},"end":{"line":16,"column":83}},"line":16},"3":{"name":"(anonymous_3)","decl":{"start":{"line":20,"column":28},"end":{"line":20,"column":29}},"loc":{"start":{"line":20,"column":34},"end":{"line":22,"column":3}},"line":20},"4":{"name":"(anonymous_4)","decl":{"start":{"line":23,"column":26},"end":{"line":23,"column":27}},"loc":{"start":{"line":23,"column":32},"end":{"line":25,"column":3}},"line":23},"5":{"name":"(anonymous_5)","decl":{"start":{"line":27,"column":30},"end":{"line":27,"column":31}},"loc":{"start":{"line":27,"column":36},"end":{"line":35,"column":3}},"line":27}},"branchMap":{"0":{"loc":{"start":{"line":28,"column":4},"end":{"line":34,"column":5}},"type":"if","locations":[{"start":{"line":28,"column":4},"end":{"line":34,"column":5}},{"start":{"line":28,"column":4},"end":{"line":34,"column":5}}],"line":28},"1":{"loc":{"start":{"line":39,"column":7},"end":{"line":39,"column":80}},"type":"binary-expr","locations":[{"start":{"line":39,"column":7},"end":{"line":39,"column":16}},{"start":{"line":39,"column":20},"end":{"line":39,"column":80}}],"line":39},"2":{"loc":{"start":{"line":52,"column":54},"end":{"line":52,"column":109}},"type":"cond-expr","locations":[{"start":{"line":52,"column":67},"end":{"line":52,"column":104}},{"start":{"line":52,"column":107},"end":{"line":52,"column":109}}],"line":52}},"s":{"0":5,"1":3,"2":3,"3":3,"4":6,"5":3,"6":6,"7":3,"8":3,"9":0,"10":3,"11":0,"12":3,"13":0,"14":0,"15":0,"16":0,"17":0,"18":3,"19":5},"f":{"0":3,"1":6,"2":6,"3":0,"4":0,"5":0},"b":{"0":[0,0],"1":[3,2],"2":[0,3]},"_coverageSchema":"1a1c01bbd47fc00a2c39e90264f33305004495a9","hash":"a2a8cc1e203e2497d68ec86c3f11a3788d9a7129"}
,"C:\\Users\\korbu\\HTMLacademy\\6cities\\src\\components\\cities-card\\cities-card.prop.js": {"path":"C:\\Users\\korbu\\HTMLacademy\\6cities\\src\\components\\cities-card\\cities-card.prop.js","statementMap":{},"fnMap":{},"branchMap":{},"s":{},"f":{},"b":{},"_coverageSchema":"1a1c01bbd47fc00a2c39e90264f33305004495a9","hash":"2091c0e69d393a6708de706993d0813089676b45"}
,"C:\\Users\\korbu\\HTMLacademy\\6cities\\src\\components\\cities-list\\cities-list.jsx": {"path":"C:\\Users\\korbu\\HTMLacademy\\6cities\\src\\components\\cities-list\\cities-list.jsx","statementMap":{"0":{"start":{"line":12,"column":19},"end":{"line":44,"column":1}},"1":{"start":{"line":13,"column":30},"end":{"line":13,"column":44}},"2":{"start":{"line":14,"column":22},"end":{"line":14,"column":67}},"3":{"start":{"line":14,"column":45},"end":{"line":14,"column":66}},"4":{"start":{"line":15,"column":20},"end":{"line":15,"column":49}},"5":{"start":{"line":15,"column":43},"end":{"line":15,"column":48}},"6":{"start":{"line":17,"column":19},"end":{"line":17,"column":46}},"7":{"start":{"line":17,"column":30},"end":{"line":17,"column":46}},"8":{"start":{"line":18,"column":22},"end":{"line":18,"column":54}},"9":{"start":{"line":18,"column":33},"end":{"line":18,"column":54}},"10":{"start":{"line":19,"column":22},"end":{"line":19,"column":50}},"11":{"start":{"line":19,"column":33},"end":{"line":19,"column":50}},"12":{"start":{"line":21,"column":27},"end":{"line":21,"column":110}},"13":{"start":{"line":23,"column":2},"end":{"line":25,"column":3}},"14":{"start":{"line":24,"column":4},"end":{"line":24,"column":24}},"15":{"start":{"line":27,"column":2},"end":{"line":43,"column":4}},"16":{"start":{"line":35,"column":44},"end":{"line":35,"column":114}},"17":{"start":{"line":46,"column":0},"end":{"line":48,"column":2}}},"fnMap":{"0":{"name":"(anonymous_0)","decl":{"start":{"line":12,"column":19},"end":{"line":12,"column":20}},"loc":{"start":{"line":12,"column":25},"end":{"line":44,"column":1}},"line":12},"1":{"name":"(anonymous_1)","decl":{"start":{"line":14,"column":34},"end":{"line":14,"column":35}},"loc":{"start":{"line":14,"column":45},"end":{"line":14,"column":66}},"line":14},"2":{"name":"(anonymous_2)","decl":{"start":{"line":15,"column":32},"end":{"line":15,"column":33}},"loc":{"start":{"line":15,"column":43},"end":{"line":15,"column":48}},"line":15},"3":{"name":"(anonymous_3)","decl":{"start":{"line":17,"column":19},"end":{"line":17,"column":20}},"loc":{"start":{"line":17,"column":30},"end":{"line":17,"column":46}},"line":17},"4":{"name":"(anonymous_4)","decl":{"start":{"line":18,"column":22},"end":{"line":18,"column":23}},"loc":{"start":{"line":18,"column":33},"end":{"line":18,"column":54}},"line":18},"5":{"name":"(anonymous_5)","decl":{"start":{"line":19,"column":22},"end":{"line":19,"column":23}},"loc":{"start":{"line":19,"column":33},"end":{"line":19,"column":50}},"line":19},"6":{"name":"(anonymous_6)","decl":{"start":{"line":35,"column":34},"end":{"line":35,"column":35}},"loc":{"start":{"line":35,"column":44},"end":{"line":35,"column":114}},"line":35}},"branchMap":{"0":{"loc":{"start":{"line":23,"column":2},"end":{"line":25,"column":3}},"type":"if","locations":[{"start":{"line":23,"column":2},"end":{"line":25,"column":3}},{"start":{"line":23,"column":2},"end":{"line":25,"column":3}}],"line":23},"1":{"loc":{"start":{"line":32,"column":66},"end":{"line":32,"column":114}},"type":"cond-expr","locations":[{"start":{"line":32,"column":96},"end":{"line":32,"column":104}},{"start":{"line":32,"column":107},"end":{"line":32,"column":114}}],"line":32}},"s":{"0":4,"1":4,"2":4,"3":8,"4":4,"5":8,"6":4,"7":4,"8":4,"9":4,"10":4,"11":4,"12":4,"13":4,"14":2,"15":2,"16":2,"17":4},"f":{"0":4,"1":8,"2":8,"3":4,"4":4,"5":4,"6":2},"b":{"0":[2,2],"1":[0,2]},"_coverageSchema":"1a1c01bbd47fc00a2c39e90264f33305004495a9","hash":"cc1bcbeab66cde706b8799fbc5023e5d2a57235d"}
,"C:\\Users\\korbu\\HTMLacademy\\6cities\\src\\components\\comment-form\\comment-form.jsx": {"path":"C:\\Users\\korbu\\HTMLacademy\\6cities\\src\\components\\comment-form\\comment-form.jsx","statementMap":{"0":{"start":{"line":11,"column":20},"end":{"line":76,"column":1}},"1":{"start":{"line":12,"column":22},"end":{"line":12,"column":30}},"2":{"start":{"line":13,"column":32},"end":{"line":16,"column":4}},"3":{"start":{"line":18,"column":22},"end":{"line":18,"column":68}},"4":{"start":{"line":18,"column":45},"end":{"line":18,"column":67}},"5":{"start":{"line":20,"column":2},"end":{"line":27,"column":20}},"6":{"start":{"line":21,"column":4},"end":{"line":26,"column":5}},"7":{"start":{"line":22,"column":6},"end":{"line":25,"column":9}},"8":{"start":{"line":30,"column":26},"end":{"line":30,"column":176}},"9":{"start":{"line":32,"column":29},"end":{"line":38,"column":22}},"10":{"start":{"line":33,"column":18},"end":{"line":33,"column":46}},"11":{"start":{"line":34,"column":4},"end":{"line":37,"column":8}},"12":{"start":{"line":34,"column":31},"end":{"line":37,"column":5}},"13":{"start":{"line":40,"column":30},"end":{"line":46,"column":27}},"14":{"start":{"line":41,"column":18},"end":{"line":41,"column":34}},"15":{"start":{"line":42,"column":4},"end":{"line":45,"column":8}},"16":{"start":{"line":42,"column":31},"end":{"line":45,"column":5}},"17":{"start":{"line":48,"column":19},"end":{"line":48,"column":32}},"18":{"start":{"line":50,"column":30},"end":{"line":54,"column":3}},"19":{"start":{"line":51,"column":4},"end":{"line":51,"column":25}},"20":{"start":{"line":52,"column":4},"end":{"line":52,"column":53}},"21":{"start":{"line":53,"column":4},"end":{"line":53,"column":39}},"22":{"start":{"line":56,"column":2},"end":{"line":75,"column":4}},"23":{"start":{"line":78,"column":0},"end":{"line":80,"column":2}}},"fnMap":{"0":{"name":"(anonymous_0)","decl":{"start":{"line":11,"column":20},"end":{"line":11,"column":21}},"loc":{"start":{"line":11,"column":30},"end":{"line":76,"column":1}},"line":11},"1":{"name":"(anonymous_1)","decl":{"start":{"line":18,"column":34},"end":{"line":18,"column":35}},"loc":{"start":{"line":18,"column":45},"end":{"line":18,"column":67}},"line":18},"2":{"name":"(anonymous_2)","decl":{"start":{"line":20,"column":12},"end":{"line":20,"column":13}},"loc":{"start":{"line":20,"column":18},"end":{"line":27,"column":3}},"line":20},"3":{"name":"(anonymous_3)","decl":{"start":{"line":32,"column":41},"end":{"line":32,"column":42}},"loc":{"start":{"line":32,"column":50},"end":{"line":38,"column":3}},"line":32},"4":{"name":"(anonymous_4)","decl":{"start":{"line":34,"column":15},"end":{"line":34,"column":16}},"loc":{"start":{"line":34,"column":31},"end":{"line":37,"column":5}},"line":34},"5":{"name":"(anonymous_5)","decl":{"start":{"line":40,"column":42},"end":{"line":40,"column":43}},"loc":{"start":{"line":40,"column":51},"end":{"line":46,"column":3}},"line":40},"6":{"name":"(anonymous_6)","decl":{"start":{"line":42,"column":15},"end":{"line":42,"column":16}},"loc":{"start":{"line":42,"column":31},"end":{"line":45,"column":5}},"line":42},"7":{"name":"(anonymous_7)","decl":{"start":{"line":50,"column":30},"end":{"line":50,"column":31}},"loc":{"start":{"line":50,"column":39},"end":{"line":54,"column":3}},"line":50}},"branchMap":{"0":{"loc":{"start":{"line":21,"column":4},"end":{"line":26,"column":5}},"type":"if","locations":[{"start":{"line":21,"column":4},"end":{"line":26,"column":5}},{"start":{"line":21,"column":4},"end":{"line":26,"column":5}}],"line":21},"1":{"loc":{"start":{"line":30,"column":26},"end":{"line":30,"column":176}},"type":"binary-expr","locations":[{"start":{"line":30,"column":26},"end":{"line":30,"column":49}},{"start":{"line":30,"column":53},"end":{"line":30,"column":79}},{"start":{"line":30,"column":83},"end":{"line":30,"column":118}},{"start":{"line":30,"column":122},"end":{"line":30,"column":176}}],"line":30},"2":{"loc":{"start":{"line":72,"column":9},"end":{"line":72,"column":110}},"type":"cond-expr","locations":[{"start":{"line":72,"column":45},"end":{"line":72,"column":105}},{"start":{"line":72,"column":108},"end":{"line":72,"column":110}}],"line":72}},"s":{"0":3,"1":2,"2":2,"3":2,"4":4,"5":2,"6":2,"7":0,"8":2,"9":2,"10":0,"11":0,"12":0,"13":2,"14":0,"15":0,"16":0,"17":2,"18":2,"19":0,"20":0,"21":0,"22":2,"23":3},"f":{"0":2,"1":4,"2":2,"3":0,"4":0,"5":0,"6":0,"7":0},"b":{"0":[0,2],"1":[2,0,0,0],"2":[0,2]},"_coverageSchema":"1a1c01bbd47fc00a2c39e90264f33305004495a9","hash":"e46d80b1c4cba949e7eb2b316fc004ef7779a42b"}
,"C:\\Users\\korbu\\HTMLacademy\\6cities\\src\\components\\favorites-card\\favorites-card.jsx": {"path":"C:\\Users\\korbu\\HTMLacademy\\6cities\\src\\components\\favorites-card\\favorites-card.jsx","statementMap":{"0":{"start":{"line":11,"column":22},"end":{"line":65,"column":1}},"1":{"start":{"line":12,"column":120},"end":{"line":12,"column":124}},"2":{"start":{"line":13,"column":27},"end":{"line":13,"column":60}},"3":{"start":{"line":14,"column":19},"end":{"line":14,"column":32}},"4":{"start":{"line":15,"column":22},"end":{"line":15,"column":68}},"5":{"start":{"line":15,"column":45},"end":{"line":15,"column":67}},"6":{"start":{"line":17,"column":30},"end":{"line":21,"column":3}},"7":{"start":{"line":18,"column":27},"end":{"line":18,"column":46}},"8":{"start":{"line":19,"column":4},"end":{"line":19,"column":53}},"9":{"start":{"line":20,"column":4},"end":{"line":20,"column":53}},"10":{"start":{"line":23,"column":2},"end":{"line":64,"column":4}},"11":{"start":{"line":67,"column":0},"end":{"line":69,"column":2}}},"fnMap":{"0":{"name":"(anonymous_0)","decl":{"start":{"line":11,"column":22},"end":{"line":11,"column":23}},"loc":{"start":{"line":11,"column":34},"end":{"line":65,"column":1}},"line":11},"1":{"name":"(anonymous_1)","decl":{"start":{"line":15,"column":34},"end":{"line":15,"column":35}},"loc":{"start":{"line":15,"column":45},"end":{"line":15,"column":67}},"line":15},"2":{"name":"(anonymous_2)","decl":{"start":{"line":17,"column":30},"end":{"line":17,"column":31}},"loc":{"start":{"line":17,"column":36},"end":{"line":21,"column":3}},"line":17}},"branchMap":{"0":{"loc":{"start":{"line":25,"column":7},"end":{"line":25,"column":80}},"type":"binary-expr","locations":[{"start":{"line":25,"column":7},"end":{"line":25,"column":16}},{"start":{"line":25,"column":20},"end":{"line":25,"column":80}}],"line":25},"1":{"loc":{"start":{"line":38,"column":54},"end":{"line":38,"column":109}},"type":"cond-expr","locations":[{"start":{"line":38,"column":67},"end":{"line":38,"column":104}},{"start":{"line":38,"column":107},"end":{"line":38,"column":109}}],"line":38}},"s":{"0":5,"1":34,"2":34,"3":34,"4":34,"5":68,"6":34,"7":0,"8":0,"9":0,"10":34,"11":5},"f":{"0":34,"1":68,"2":0},"b":{"0":[34,7],"1":[33,1]},"_coverageSchema":"1a1c01bbd47fc00a2c39e90264f33305004495a9","hash":"2bd2e3ffd5d472dc22e0e1c83bcebf39c3bcd3b7"}
,"C:\\Users\\korbu\\HTMLacademy\\6cities\\src\\components\\favorites-empty\\favorites-empty.jsx": {"path":"C:\\Users\\korbu\\HTMLacademy\\6cities\\src\\components\\favorites-empty\\favorites-empty.jsx","statementMap":{"0":{"start":{"line":3,"column":23},"end":{"line":13,"column":1}},"1":{"start":{"line":4,"column":2},"end":{"line":12,"column":4}}},"fnMap":{"0":{"name":"(anonymous_0)","decl":{"start":{"line":3,"column":23},"end":{"line":3,"column":24}},"loc":{"start":{"line":3,"column":29},"end":{"line":13,"column":1}},"line":3}},"branchMap":{},"s":{"0":3,"1":2},"f":{"0":2},"b":{},"_coverageSchema":"1a1c01bbd47fc00a2c39e90264f33305004495a9","hash":"fbed93056a4d671bcb92f52b33af3ba97288ad43"}
,"C:\\Users\\korbu\\HTMLacademy\\6cities\\src\\components\\favorites-item\\favorites-item.jsx": {"path":"C:\\Users\\korbu\\HTMLacademy\\6cities\\src\\components\\favorites-item\\favorites-item.jsx","statementMap":{"0":{"start":{"line":6,"column":22},"end":{"line":22,"column":1}},"1":{"start":{"line":7,"column":2},"end":{"line":21,"column":4}},"2":{"start":{"line":17,"column":29},"end":{"line":17,"column":74}},"3":{"start":{"line":25,"column":0},"end":{"line":28,"column":2}}},"fnMap":{"0":{"name":"(anonymous_0)","decl":{"start":{"line":6,"column":22},"end":{"line":6,"column":23}},"loc":{"start":{"line":6,"column":41},"end":{"line":22,"column":1}},"line":6},"1":{"name":"(anonymous_1)","decl":{"start":{"line":17,"column":19},"end":{"line":17,"column":20}},"loc":{"start":{"line":17,"column":29},"end":{"line":17,"column":74}},"line":17}},"branchMap":{},"s":{"0":4,"1":13,"2":33,"3":4},"f":{"0":13,"1":33},"b":{},"_coverageSchema":"1a1c01bbd47fc00a2c39e90264f33305004495a9","hash":"de437be7e07d98cf108807047ff374877c3d4d73"}
,"C:\\Users\\korbu\\HTMLacademy\\6cities\\src\\components\\favorites-list\\favorites-list.jsx": {"path":"C:\\Users\\korbu\\HTMLacademy\\6cities\\src\\components\\favorites-list\\favorites-list.jsx","statementMap":{"0":{"start":{"line":6,"column":23},"end":{"line":18,"column":1}},"1":{"start":{"line":8,"column":33},"end":{"line":8,"column":69}},"2":{"start":{"line":9,"column":26},"end":{"line":9,"column":77}},"3":{"start":{"line":10,"column":2},"end":{"line":17,"column":4}},"4":{"start":{"line":14,"column":42},"end":{"line":14,"column":128}},"5":{"start":{"line":20,"column":0},"end":{"line":22,"column":2}}},"fnMap":{"0":{"name":"(anonymous_0)","decl":{"start":{"line":6,"column":23},"end":{"line":6,"column":24}},"loc":{"start":{"line":6,"column":45},"end":{"line":18,"column":1}},"line":6},"1":{"name":"(anonymous_1)","decl":{"start":{"line":14,"column":29},"end":{"line":14,"column":30}},"loc":{"start":{"line":14,"column":42},"end":{"line":14,"column":128}},"line":14}},"branchMap":{},"s":{"0":3,"1":2,"2":2,"3":2,"4":12,"5":3},"f":{"0":2,"1":12},"b":{},"_coverageSchema":"1a1c01bbd47fc00a2c39e90264f33305004495a9","hash":"34bd38fc0a0e50d28883108048d558c3482263cb"}
,"C:\\Users\\korbu\\HTMLacademy\\6cities\\src\\components\\favorites-screen\\favorites-screen.jsx": {"path":"C:\\Users\\korbu\\HTMLacademy\\6cities\\src\\components\\favorites-screen\\favorites-screen.jsx","statementMap":{"0":{"start":{"line":10,"column":24},"end":{"line":37,"column":1}},"1":{"start":{"line":11,"column":19},"end":{"line":11,"column":32}},"2":{"start":{"line":13,"column":16},"end":{"line":13,"column":63}},"3":{"start":{"line":13,"column":39},"end":{"line":13,"column":62}},"4":{"start":{"line":14,"column":32},"end":{"line":14,"column":88}},"5":{"start":{"line":14,"column":55},"end":{"line":14,"column":87}},"6":{"start":{"line":15,"column":2},"end":{"line":17,"column":14}},"7":{"start":{"line":16,"column":4},"end":{"line":16,"column":36}},"8":{"start":{"line":19,"column":2},"end":{"line":21,"column":3}},"9":{"start":{"line":20,"column":4},"end":{"line":20,"column":33}},"10":{"start":{"line":23,"column":25},"end":{"line":23,"column":67}},"11":{"start":{"line":23,"column":49},"end":{"line":23,"column":65}},"12":{"start":{"line":24,"column":2},"end":{"line":36,"column":4}}},"fnMap":{"0":{"name":"(anonymous_0)","decl":{"start":{"line":10,"column":24},"end":{"line":10,"column":25}},"loc":{"start":{"line":10,"column":30},"end":{"line":37,"column":1}},"line":10},"1":{"name":"(anonymous_1)","decl":{"start":{"line":13,"column":28},"end":{"line":13,"column":29}},"loc":{"start":{"line":13,"column":39},"end":{"line":13,"column":62}},"line":13},"2":{"name":"(anonymous_2)","decl":{"start":{"line":14,"column":44},"end":{"line":14,"column":45}},"loc":{"start":{"line":14,"column":55},"end":{"line":14,"column":87}},"line":14},"3":{"name":"(anonymous_3)","decl":{"start":{"line":15,"column":12},"end":{"line":15,"column":13}},"loc":{"start":{"line":15,"column":18},"end":{"line":17,"column":3}},"line":15},"4":{"name":"(anonymous_4)","decl":{"start":{"line":23,"column":38},"end":{"line":23,"column":39}},"loc":{"start":{"line":23,"column":49},"end":{"line":23,"column":65}},"line":23}},"branchMap":{"0":{"loc":{"start":{"line":19,"column":2},"end":{"line":21,"column":3}},"type":"if","locations":[{"start":{"line":19,"column":2},"end":{"line":21,"column":3}},{"start":{"line":19,"column":2},"end":{"line":21,"column":3}}],"line":19},"1":{"loc":{"start":{"line":30,"column":11},"end":{"line":30,"column":110}},"type":"cond-expr","locations":[{"start":{"line":30,"column":41},"end":{"line":30,"column":59}},{"start":{"line":30,"column":62},"end":{"line":30,"column":110}}],"line":30}},"s":{"0":2,"1":2,"2":2,"3":5,"4":2,"5":5,"6":2,"7":2,"8":2,"9":0,"10":2,"11":11,"12":2},"f":{"0":2,"1":5,"2":5,"3":2,"4":11},"b":{"0":[0,2],"1":[1,1]},"_coverageSchema":"1a1c01bbd47fc00a2c39e90264f33305004495a9","hash":"e304ee6d708a6b43e67947e9281b874e87af1d11"}
,"C:\\Users\\korbu\\HTMLacademy\\6cities\\src\\components\\footer\\footer.jsx": {"path":"C:\\Users\\korbu\\HTMLacademy\\6cities\\src\\components\\footer\\footer.jsx","statementMap":{"0":{"start":{"line":4,"column":15},"end":{"line":12,"column":1}},"1":{"start":{"line":5,"column":2},"end":{"line":11,"column":4}}},"fnMap":{"0":{"name":"(anonymous_0)","decl":{"start":{"line":4,"column":15},"end":{"line":4,"column":16}},"loc":{"start":{"line":4,"column":21},"end":{"line":12,"column":1}},"line":4}},"branchMap":{},"s":{"0":5,"1":5},"f":{"0":5},"b":{},"_coverageSchema":"1a1c01bbd47fc00a2c39e90264f33305004495a9","hash":"48f9d927dba22a960852c83f6c9634e4f0266910"}
,"C:\\Users\\korbu\\HTMLacademy\\6cities\\src\\components\\form-rating\\form-rating.jsx": {"path":"C:\\Users\\korbu\\HTMLacademy\\6cities\\src\\components\\form-rating\\form-rating.jsx","statementMap":{"0":{"start":{"line":5,"column":19},"end":{"line":30,"column":1}},"1":{"start":{"line":6,"column":2},"end":{"line":29,"column":4}},"2":{"start":{"line":9,"column":27},"end":{"line":9,"column":50}},"3":{"start":{"line":10,"column":8},"end":{"line":26,"column":10}},"4":{"start":{"line":32,"column":0},"end":{"line":35,"column":2}}},"fnMap":{"0":{"name":"(anonymous_0)","decl":{"start":{"line":5,"column":19},"end":{"line":5,"column":20}},"loc":{"start":{"line":5,"column":53},"end":{"line":30,"column":1}},"line":5},"1":{"name":"(anonymous_1)","decl":{"start":{"line":8,"column":24},"end":{"line":8,"column":25}},"loc":{"start":{"line":8,"column":38},"end":{"line":27,"column":7}},"line":8}},"branchMap":{},"s":{"0":4,"1":3,"2":15,"3":15,"4":4},"f":{"0":3,"1":15},"b":{},"_coverageSchema":"1a1c01bbd47fc00a2c39e90264f33305004495a9","hash":"052678e7bc976cf4f4384ab816ef27fcd296d722"}
,"C:\\Users\\korbu\\HTMLacademy\\6cities\\src\\components\\form-textarea\\form-textarea.jsx": {"path":"C:\\Users\\korbu\\HTMLacademy\\6cities\\src\\components\\form-textarea\\form-textarea.jsx","statementMap":{"0":{"start":{"line":5,"column":21},"end":{"line":17,"column":1}},"1":{"start":{"line":6,"column":2},"end":{"line":16,"column":4}},"2":{"start":{"line":19,"column":0},"end":{"line":22,"column":2}}},"fnMap":{"0":{"name":"(anonymous_0)","decl":{"start":{"line":5,"column":21},"end":{"line":5,"column":22}},"loc":{"start":{"line":5,"column":55},"end":{"line":17,"column":1}},"line":5}},"branchMap":{},"s":{"0":3,"1":2,"2":3},"f":{"0":2},"b":{},"_coverageSchema":"1a1c01bbd47fc00a2c39e90264f33305004495a9","hash":"dbbbf0c1eb0219876c7582bcae0dbe943bbd26a3"}
,"C:\\Users\\korbu\\HTMLacademy\\6cities\\src\\components\\header\\header.jsx": {"path":"C:\\Users\\korbu\\HTMLacademy\\6cities\\src\\components\\header\\header.jsx","statementMap":{"0":{"start":{"line":6,"column":15},"end":{"line":23,"column":1}},"1":{"start":{"line":7,"column":2},"end":{"line":22,"column":4}},"2":{"start":{"line":25,"column":0},"end":{"line":27,"column":2}}},"fnMap":{"0":{"name":"(anonymous_0)","decl":{"start":{"line":6,"column":15},"end":{"line":6,"column":16}},"loc":{"start":{"line":6,"column":41},"end":{"line":23,"column":1}},"line":6}},"branchMap":{"0":{"loc":{"start":{"line":6,"column":17},"end":{"line":6,"column":35}},"type":"default-arg","locations":[{"start":{"line":6,"column":30},"end":{"line":6,"column":35}}],"line":6},"1":{"loc":{"start":{"line":12,"column":50},"end":{"line":12,"column":95}},"type":"cond-expr","locations":[{"start":{"line":12,"column":63},"end":{"line":12,"column":90}},{"start":{"line":12,"column":93},"end":{"line":12,"column":95}}],"line":12}},"s":{"0":7,"1":11,"2":7},"f":{"0":11},"b":{"0":[9],"1":[2,9]},"_coverageSchema":"1a1c01bbd47fc00a2c39e90264f33305004495a9","hash":"d82a68ba053ecbbe4a8f18a698554ad19e0113ac"}
,"C:\\Users\\korbu\\HTMLacademy\\6cities\\src\\components\\header-navigation\\header-navigation.jsx": {"path":"C:\\Users\\korbu\\HTMLacademy\\6cities\\src\\components\\header-navigation\\header-navigation.jsx","statementMap":{"0":{"start":{"line":7,"column":25},"end":{"line":50,"column":1}},"1":{"start":{"line":8,"column":30},"end":{"line":8,"column":84}},"2":{"start":{"line":8,"column":53},"end":{"line":8,"column":83}},"3":{"start":{"line":9,"column":16},"end":{"line":9,"column":56}},"4":{"start":{"line":9,"column":39},"end":{"line":9,"column":55}},"5":{"start":{"line":10,"column":21},"end":{"line":10,"column":66}},"6":{"start":{"line":10,"column":44},"end":{"line":10,"column":65}},"7":{"start":{"line":11,"column":19},"end":{"line":11,"column":32}},"8":{"start":{"line":12,"column":23},"end":{"line":14,"column":3}},"9":{"start":{"line":13,"column":4},"end":{"line":13,"column":23}},"10":{"start":{"line":16,"column":2},"end":{"line":49,"column":4}}},"fnMap":{"0":{"name":"(anonymous_0)","decl":{"start":{"line":7,"column":25},"end":{"line":7,"column":26}},"loc":{"start":{"line":7,"column":31},"end":{"line":50,"column":1}},"line":7},"1":{"name":"(anonymous_1)","decl":{"start":{"line":8,"column":42},"end":{"line":8,"column":43}},"loc":{"start":{"line":8,"column":53},"end":{"line":8,"column":83}},"line":8},"2":{"name":"(anonymous_2)","decl":{"start":{"line":9,"column":28},"end":{"line":9,"column":29}},"loc":{"start":{"line":9,"column":39},"end":{"line":9,"column":55}},"line":9},"3":{"name":"(anonymous_3)","decl":{"start":{"line":10,"column":33},"end":{"line":10,"column":34}},"loc":{"start":{"line":10,"column":44},"end":{"line":10,"column":65}},"line":10},"4":{"name":"(anonymous_4)","decl":{"start":{"line":12,"column":23},"end":{"line":12,"column":24}},"loc":{"start":{"line":12,"column":29},"end":{"line":14,"column":3}},"line":12}},"branchMap":{"0":{"loc":{"start":{"line":18,"column":7},"end":{"line":46,"column":11}},"type":"cond-expr","locations":[{"start":{"line":19,"column":8},"end":{"line":25,"column":13}},{"start":{"line":26,"column":8},"end":{"line":46,"column":11}}],"line":18}},"s":{"0":8,"1":12,"2":27,"3":12,"4":27,"5":12,"6":27,"7":12,"8":12,"9":0,"10":12},"f":{"0":12,"1":27,"2":27,"3":27,"4":0},"b":{"0":[4,8]},"_coverageSchema":"1a1c01bbd47fc00a2c39e90264f33305004495a9","hash":"28b236c30662a68d9f2b620e6e9133daf62cca31"}
,"C:\\Users\\korbu\\HTMLacademy\\6cities\\src\\components\\image\\image.jsx": {"path":"C:\\Users\\korbu\\HTMLacademy\\6cities\\src\\components\\image\\image.jsx","statementMap":{"0":{"start":{"line":4,"column":14},"end":{"line":10,"column":1}},"1":{"start":{"line":5,"column":2},"end":{"line":9,"column":4}},"2":{"start":{"line":12,"column":0},"end":{"line":14,"column":2}}},"fnMap":{"0":{"name":"(anonymous_0)","decl":{"start":{"line":4,"column":14},"end":{"line":4,"column":15}},"loc":{"start":{"line":4,"column":27},"end":{"line":10,"column":1}},"line":4}},"branchMap":{},"s":{"0":3,"1":9,"2":3},"f":{"0":9},"b":{},"_coverageSchema":"1a1c01bbd47fc00a2c39e90264f33305004495a9","hash":"dbb8bd9651148ddc80b5b1dea93880b772d426cc"}
,"C:\\Users\\korbu\\HTMLacademy\\6cities\\src\\components\\loading\\loading.jsx": {"path":"C:\\Users\\korbu\\HTMLacademy\\6cities\\src\\components\\loading\\loading.jsx","statementMap":{"0":{"start":{"line":7,"column":26},"end":{"line":22,"column":1}},"1":{"start":{"line":8,"column":2},"end":{"line":21,"column":4}},"2":{"start":{"line":26,"column":26},"end":{"line":31,"column":1}}},"fnMap":{"0":{"name":"(anonymous_0)","decl":{"start":{"line":7,"column":26},"end":{"line":7,"column":27}},"loc":{"start":{"line":7,"column":32},"end":{"line":22,"column":1}},"line":7}},"branchMap":{},"s":{"0":8,"1":3,"2":8},"f":{"0":3},"b":{},"_coverageSchema":"1a1c01bbd47fc00a2c39e90264f33305004495a9","hash":"b71a6c6a5f706fcb036929a1b42c0efb43c24f10"}
,"C:\\Users\\korbu\\HTMLacademy\\6cities\\src\\components\\location-item\\location-item.jsx": {"path":"C:\\Users\\korbu\\HTMLacademy\\6cities\\src\\components\\location-item\\location-item.jsx","statementMap":{"0":{"start":{"line":5,"column":21},"end":{"line":15,"column":1}},"1":{"start":{"line":6,"column":32},"end":{"line":6,"column":37}},"2":{"start":{"line":7,"column":22},"end":{"line":7,"column":67}},"3":{"start":{"line":7,"column":45},"end":{"line":7,"column":66}},"4":{"start":{"line":8,"column":2},"end":{"line":14,"column":4}},"5":{"start":{"line":17,"column":0},"end":{"line":17,"column":47}}},"fnMap":{"0":{"name":"(anonymous_0)","decl":{"start":{"line":5,"column":21},"end":{"line":5,"column":22}},"loc":{"start":{"line":5,"column":32},"end":{"line":15,"column":1}},"line":5},"1":{"name":"(anonymous_1)","decl":{"start":{"line":7,"column":34},"end":{"line":7,"column":35}},"loc":{"start":{"line":7,"column":45},"end":{"line":7,"column":66}},"line":7}},"branchMap":{"0":{"loc":{"start":{"line":10,"column":55},"end":{"line":10,"column":103}},"type":"cond-expr","locations":[{"start":{"line":10,"column":78},"end":{"line":10,"column":98}},{"start":{"line":10,"column":101},"end":{"line":10,"column":103}}],"line":10}},"s":{"0":5,"1":25,"2":25,"3":50,"4":25,"5":5},"f":{"0":25,"1":50},"b":{"0":[4,21]},"_coverageSchema":"1a1c01bbd47fc00a2c39e90264f33305004495a9","hash":"35721b5a7da27a327244a159b16f4cbb1ea9a914"}
,"C:\\Users\\korbu\\HTMLacademy\\6cities\\src\\components\\location-item\\location-item.props.js": {"path":"C:\\Users\\korbu\\HTMLacademy\\6cities\\src\\components\\location-item\\location-item.props.js","statementMap":{},"fnMap":{},"branchMap":{},"s":{},"f":{},"b":{},"_coverageSchema":"1a1c01bbd47fc00a2c39e90264f33305004495a9","hash":"24b38bfb24a5887cc90f5370d36f6cfeeaa17110"}
,"C:\\Users\\korbu\\HTMLacademy\\6cities\\src\\components\\location-list\\location-list.jsx": {"path":"C:\\Users\\korbu\\HTMLacademy\\6cities\\src\\components\\location-list\\location-list.jsx","statementMap":{"0":{"start":{"line":7,"column":21},"end":{"line":20,"column":1}},"1":{"start":{"line":8,"column":19},"end":{"line":8,"column":32}},"2":{"start":{"line":9,"column":19},"end":{"line":9,"column":64}},"3":{"start":{"line":9,"column":42},"end":{"line":9,"column":63}},"4":{"start":{"line":11,"column":27},"end":{"line":14,"column":16}},"5":{"start":{"line":12,"column":24},"end":{"line":12,"column":44}},"6":{"start":{"line":13,"column":4},"end":{"line":13,"column":39}},"7":{"start":{"line":15,"column":2},"end":{"line":19,"column":4}},"8":{"start":{"line":17,"column":46},"end":{"line":17,"column":127}}},"fnMap":{"0":{"name":"(anonymous_0)","decl":{"start":{"line":7,"column":21},"end":{"line":7,"column":22}},"loc":{"start":{"line":7,"column":27},"end":{"line":20,"column":1}},"line":7},"1":{"name":"(anonymous_1)","decl":{"start":{"line":9,"column":31},"end":{"line":9,"column":32}},"loc":{"start":{"line":9,"column":42},"end":{"line":9,"column":63}},"line":9},"2":{"name":"(anonymous_2)","decl":{"start":{"line":11,"column":39},"end":{"line":11,"column":40}},"loc":{"start":{"line":11,"column":48},"end":{"line":14,"column":3}},"line":11},"3":{"name":"(anonymous_3)","decl":{"start":{"line":17,"column":33},"end":{"line":17,"column":34}},"loc":{"start":{"line":17,"column":46},"end":{"line":17,"column":127}},"line":17}},"branchMap":{},"s":{"0":4,"1":4,"2":4,"3":8,"4":4,"5":0,"6":0,"7":4,"8":24},"f":{"0":4,"1":8,"2":0,"3":24},"b":{},"_coverageSchema":"1a1c01bbd47fc00a2c39e90264f33305004495a9","hash":"7c46fe446cfe71d9f1df0f92224945d9f9ca692e"}
,"C:\\Users\\korbu\\HTMLacademy\\6cities\\src\\components\\login-screen\\login-screen.jsx": {"path":"C:\\Users\\korbu\\HTMLacademy\\6cities\\src\\components\\login-screen\\login-screen.jsx","statementMap":{"0":{"start":{"line":8,"column":20},"end":{"line":56,"column":1}},"1":{"start":{"line":9,"column":19},"end":{"line":9,"column":27}},"2":{"start":{"line":10,"column":22},"end":{"line":10,"column":30}},"3":{"start":{"line":11,"column":30},"end":{"line":11,"column":84}},"4":{"start":{"line":11,"column":53},"end":{"line":11,"column":83}},"5":{"start":{"line":12,"column":19},"end":{"line":12,"column":32}},"6":{"start":{"line":13,"column":23},"end":{"line":19,"column":3}},"7":{"start":{"line":14,"column":4},"end":{"line":14,"column":25}},"8":{"start":{"line":15,"column":4},"end":{"line":18,"column":8}},"9":{"start":{"line":21,"column":2},"end":{"line":23,"column":3}},"10":{"start":{"line":22,"column":4},"end":{"line":22,"column":53}},"11":{"start":{"line":25,"column":2},"end":{"line":55,"column":4}}},"fnMap":{"0":{"name":"(anonymous_0)","decl":{"start":{"line":8,"column":20},"end":{"line":8,"column":21}},"loc":{"start":{"line":8,"column":26},"end":{"line":56,"column":1}},"line":8},"1":{"name":"(anonymous_1)","decl":{"start":{"line":11,"column":42},"end":{"line":11,"column":43}},"loc":{"start":{"line":11,"column":53},"end":{"line":11,"column":83}},"line":11},"2":{"name":"(anonymous_2)","decl":{"start":{"line":13,"column":23},"end":{"line":13,"column":24}},"loc":{"start":{"line":13,"column":32},"end":{"line":19,"column":3}},"line":13}},"branchMap":{"0":{"loc":{"start":{"line":21,"column":2},"end":{"line":23,"column":3}},"type":"if","locations":[{"start":{"line":21,"column":2},"end":{"line":23,"column":3}},{"start":{"line":21,"column":2},"end":{"line":23,"column":3}}],"line":21}},"s":{"0":2,"1":2,"2":2,"3":2,"4":4,"5":2,"6":2,"7":0,"8":0,"9":2,"10":0,"11":2},"f":{"0":2,"1":4,"2":0},"b":{"0":[0,2]},"_coverageSchema":"1a1c01bbd47fc00a2c39e90264f33305004495a9","hash":"8ecf6446b81592333f5e1c95117e0cca7f29ff9f"}
,"C:\\Users\\korbu\\HTMLacademy\\6cities\\src\\components\\main-screen\\main-screen.jsx": {"path":"C:\\Users\\korbu\\HTMLacademy\\6cities\\src\\components\\main-screen\\main-screen.jsx","statementMap":{"0":{"start":{"line":5,"column":19},"end":{"line":12,"column":1}},"1":{"start":{"line":6,"column":2},"end":{"line":11,"column":4}}},"fnMap":{"0":{"name":"(anonymous_0)","decl":{"start":{"line":5,"column":19},"end":{"line":5,"column":20}},"loc":{"start":{"line":5,"column":25},"end":{"line":12,"column":1}},"line":5}},"branchMap":{},"s":{"0":2,"1":2},"f":{"0":2},"b":{},"_coverageSchema":"1a1c01bbd47fc00a2c39e90264f33305004495a9","hash":"eefca0ab8af3d20a0de7fa29b5f9a54da1424da8"}
,"C:\\Users\\korbu\\HTMLacademy\\6cities\\src\\components\\map\\map.jsx": {"path":"C:\\Users\\korbu\\HTMLacademy\\6cities\\src\\components\\map\\map.jsx","statementMap":{"0":{"start":{"line":9,"column":12},"end":{"line":59,"column":1}},"1":{"start":{"line":10,"column":26},"end":{"line":10,"column":31}},"2":{"start":{"line":12,"column":15},"end":{"line":12,"column":60}},"3":{"start":{"line":12,"column":38},"end":{"line":12,"column":59}},"4":{"start":{"line":13,"column":14},"end":{"line":13,"column":22}},"5":{"start":{"line":15,"column":2},"end":{"line":37,"column":13}},"6":{"start":{"line":16,"column":23},"end":{"line":16,"column":46}},"7":{"start":{"line":17,"column":21},"end":{"line":17,"column":42}},"8":{"start":{"line":19,"column":4},"end":{"line":24,"column":7}},"9":{"start":{"line":26,"column":4},"end":{"line":26,"column":46}},"10":{"start":{"line":28,"column":4},"end":{"line":32,"column":26}},"11":{"start":{"line":34,"column":4},"end":{"line":36,"column":6}},"12":{"start":{"line":35,"column":6},"end":{"line":35,"column":27}},"13":{"start":{"line":39,"column":2},"end":{"line":56,"column":22}},"14":{"start":{"line":40,"column":4},"end":{"line":55,"column":7}},"15":{"start":{"line":41,"column":25},"end":{"line":44,"column":8}},"16":{"start":{"line":46,"column":6},"end":{"line":54,"column":24}},"17":{"start":{"line":58,"column":2},"end":{"line":58,"column":71}},"18":{"start":{"line":61,"column":0},"end":{"line":66,"column":2}}},"fnMap":{"0":{"name":"(anonymous_0)","decl":{"start":{"line":9,"column":12},"end":{"line":9,"column":13}},"loc":{"start":{"line":9,"column":23},"end":{"line":59,"column":1}},"line":9},"1":{"name":"(anonymous_1)","decl":{"start":{"line":12,"column":27},"end":{"line":12,"column":28}},"loc":{"start":{"line":12,"column":38},"end":{"line":12,"column":59}},"line":12},"2":{"name":"(anonymous_2)","decl":{"start":{"line":15,"column":12},"end":{"line":15,"column":13}},"loc":{"start":{"line":15,"column":18},"end":{"line":37,"column":3}},"line":15},"3":{"name":"(anonymous_3)","decl":{"start":{"line":34,"column":11},"end":{"line":34,"column":12}},"loc":{"start":{"line":34,"column":17},"end":{"line":36,"column":5}},"line":34},"4":{"name":"(anonymous_4)","decl":{"start":{"line":39,"column":12},"end":{"line":39,"column":13}},"loc":{"start":{"line":39,"column":18},"end":{"line":56,"column":3}},"line":39},"5":{"name":"(anonymous_5)","decl":{"start":{"line":40,"column":18},"end":{"line":40,"column":19}},"loc":{"start":{"line":40,"column":45},"end":{"line":55,"column":5}},"line":40}},"branchMap":{"0":{"loc":{"start":{"line":42,"column":20},"end":{"line":42,"column":76}},"type":"cond-expr","locations":[{"start":{"line":42,"column":36},"end":{"line":42,"column":58}},{"start":{"line":42,"column":61},"end":{"line":42,"column":76}}],"line":42}},"s":{"0":5,"1":4,"2":4,"3":10,"4":4,"5":4,"6":4,"7":4,"8":4,"9":4,"10":4,"11":4,"12":4,"13":4,"14":4,"15":7,"16":7,"17":4,"18":5},"f":{"0":4,"1":10,"2":4,"3":4,"4":4,"5":7},"b":{"0":[2,5]},"_coverageSchema":"1a1c01bbd47fc00a2c39e90264f33305004495a9","hash":"63d71817739873258f280f8ed97cba4b2ee773b0"}
,"C:\\Users\\korbu\\HTMLacademy\\6cities\\src\\components\\near-places-card\\near-places-card.jsx": {"path":"C:\\Users\\korbu\\HTMLacademy\\6cities\\src\\components\\near-places-card\\near-places-card.jsx","statementMap":{"0":{"start":{"line":10,"column":23},"end":{"line":69,"column":1}},"1":{"start":{"line":11,"column":120},"end":{"line":11,"column":124}},"2":{"start":{"line":12,"column":27},"end":{"line":12,"column":60}},"3":{"start":{"line":14,"column":19},"end":{"line":14,"column":32}},"4":{"start":{"line":15,"column":30},"end":{"line":15,"column":84}},"5":{"start":{"line":15,"column":53},"end":{"line":15,"column":83}},"6":{"start":{"line":16,"column":22},"end":{"line":16,"column":68}},"7":{"start":{"line":16,"column":45},"end":{"line":16,"column":67}},"8":{"start":{"line":18,"column":30},"end":{"line":26,"column":3}},"9":{"start":{"line":19,"column":4},"end":{"line":25,"column":5}},"10":{"start":{"line":20,"column":6},"end":{"line":20,"column":52}},"11":{"start":{"line":22,"column":29},"end":{"line":22,"column":48}},"12":{"start":{"line":23,"column":6},"end":{"line":23,"column":55}},"13":{"start":{"line":24,"column":6},"end":{"line":24,"column":55}},"14":{"start":{"line":28,"column":2},"end":{"line":68,"column":4}},"15":{"start":{"line":71,"column":0},"end":{"line":94,"column":2}}},"fnMap":{"0":{"name":"(anonymous_0)","decl":{"start":{"line":10,"column":23},"end":{"line":10,"column":24}},"loc":{"start":{"line":10,"column":35},"end":{"line":69,"column":1}},"line":10},"1":{"name":"(anonymous_1)","decl":{"start":{"line":15,"column":42},"end":{"line":15,"column":43}},"loc":{"start":{"line":15,"column":53},"end":{"line":15,"column":83}},"line":15},"2":{"name":"(anonymous_2)","decl":{"start":{"line":16,"column":34},"end":{"line":16,"column":35}},"loc":{"start":{"line":16,"column":45},"end":{"line":16,"column":67}},"line":16},"3":{"name":"(anonymous_3)","decl":{"start":{"line":18,"column":30},"end":{"line":18,"column":31}},"loc":{"start":{"line":18,"column":36},"end":{"line":26,"column":3}},"line":18}},"branchMap":{"0":{"loc":{"start":{"line":19,"column":4},"end":{"line":25,"column":5}},"type":"if","locations":[{"start":{"line":19,"column":4},"end":{"line":25,"column":5}},{"start":{"line":19,"column":4},"end":{"line":25,"column":5}}],"line":19},"1":{"loc":{"start":{"line":30,"column":7},"end":{"line":30,"column":80}},"type":"binary-expr","locations":[{"start":{"line":30,"column":7},"end":{"line":30,"column":16}},{"start":{"line":30,"column":20},"end":{"line":30,"column":80}}],"line":30},"2":{"loc":{"start":{"line":43,"column":54},"end":{"line":43,"column":109}},"type":"cond-expr","locations":[{"start":{"line":43,"column":67},"end":{"line":43,"column":104}},{"start":{"line":43,"column":107},"end":{"line":43,"column":109}}],"line":43}},"s":{"0":4,"1":7,"2":7,"3":7,"4":7,"5":14,"6":7,"7":14,"8":7,"9":0,"10":0,"11":0,"12":0,"13":0,"14":7,"15":4},"f":{"0":7,"1":14,"2":14,"3":0},"b":{"0":[0,0],"1":[7,3],"2":[0,7]},"_coverageSchema":"1a1c01bbd47fc00a2c39e90264f33305004495a9","hash":"3bec40e367c13383d30d71d21e92936c056fd152"}
,"C:\\Users\\korbu\\HTMLacademy\\6cities\\src\\components\\near-places-list\\near-places-list.jsx": {"path":"C:\\Users\\korbu\\HTMLacademy\\6cities\\src\\components\\near-places-list\\near-places-list.jsx","statementMap":{"0":{"start":{"line":7,"column":23},"end":{"line":24,"column":1}},"1":{"start":{"line":8,"column":29},"end":{"line":8,"column":91}},"2":{"start":{"line":8,"column":52},"end":{"line":8,"column":90}},"3":{"start":{"line":9,"column":16},"end":{"line":9,"column":70}},"4":{"start":{"line":9,"column":39},"end":{"line":9,"column":69}},"5":{"start":{"line":12,"column":2},"end":{"line":14,"column":3}},"6":{"start":{"line":13,"column":4},"end":{"line":13,"column":33}},"7":{"start":{"line":16,"column":2},"end":{"line":23,"column":4}},"8":{"start":{"line":20,"column":33},"end":{"line":20,"column":86}},"9":{"start":{"line":26,"column":0},"end":{"line":28,"column":2}}},"fnMap":{"0":{"name":"(anonymous_0)","decl":{"start":{"line":7,"column":23},"end":{"line":7,"column":24}},"loc":{"start":{"line":7,"column":29},"end":{"line":24,"column":1}},"line":7},"1":{"name":"(anonymous_1)","decl":{"start":{"line":8,"column":41},"end":{"line":8,"column":42}},"loc":{"start":{"line":8,"column":52},"end":{"line":8,"column":90}},"line":8},"2":{"name":"(anonymous_2)","decl":{"start":{"line":9,"column":28},"end":{"line":9,"column":29}},"loc":{"start":{"line":9,"column":39},"end":{"line":9,"column":69}},"line":9},"3":{"name":"(anonymous_3)","decl":{"start":{"line":20,"column":19},"end":{"line":20,"column":20}},"loc":{"start":{"line":20,"column":33},"end":{"line":20,"column":86}},"line":20}},"branchMap":{"0":{"loc":{"start":{"line":12,"column":2},"end":{"line":14,"column":3}},"type":"if","locations":[{"start":{"line":12,"column":2},"end":{"line":14,"column":3}},{"start":{"line":12,"column":2},"end":{"line":14,"column":3}}],"line":12}},"s":{"0":3,"1":3,"2":8,"3":3,"4":8,"5":3,"6":1,"7":2,"8":6,"9":3},"f":{"0":3,"1":8,"2":8,"3":6},"b":{"0":[1,2]},"_coverageSchema":"1a1c01bbd47fc00a2c39e90264f33305004495a9","hash":"da18a44aca63d71fad096afd38931b2a97a52066"}
,"C:\\Users\\korbu\\HTMLacademy\\6cities\\src\\components\\no-places\\no-places.jsx": {"path":"C:\\Users\\korbu\\HTMLacademy\\6cities\\src\\components\\no-places\\no-places.jsx","statementMap":{"0":{"start":{"line":4,"column":17},"end":{"line":19,"column":1}},"1":{"start":{"line":5,"column":22},"end":{"line":5,"column":67}},"2":{"start":{"line":5,"column":45},"end":{"line":5,"column":66}},"3":{"start":{"line":6,"column":2},"end":{"line":18,"column":4}}},"fnMap":{"0":{"name":"(anonymous_0)","decl":{"start":{"line":4,"column":17},"end":{"line":4,"column":18}},"loc":{"start":{"line":4,"column":23},"end":{"line":19,"column":1}},"line":4},"1":{"name":"(anonymous_1)","decl":{"start":{"line":5,"column":34},"end":{"line":5,"column":35}},"loc":{"start":{"line":5,"column":45},"end":{"line":5,"column":66}},"line":5}},"branchMap":{},"s":{"0":5,"1":3,"2":6,"3":3},"f":{"0":3,"1":6},"b":{},"_coverageSchema":"1a1c01bbd47fc00a2c39e90264f33305004495a9","hash":"b2e4857a7c6ca2330b8495ef814ae6e11216d3a4"}
,"C:\\Users\\korbu\\HTMLacademy\\6cities\\src\\components\\not-found-screen\\not-found-screen.jsx": {"path":"C:\\Users\\korbu\\HTMLacademy\\6cities\\src\\components\\not-found-screen\\not-found-screen.jsx","statementMap":{"0":{"start":{"line":5,"column":23},"end":{"line":25,"column":1}},"1":{"start":{"line":6,"column":2},"end":{"line":24,"column":8}}},"fnMap":{"0":{"name":"(anonymous_0)","decl":{"start":{"line":5,"column":23},"end":{"line":5,"column":24}},"loc":{"start":{"line":6,"column":2},"end":{"line":24,"column":8}},"line":6}},"branchMap":{},"s":{"0":3,"1":2},"f":{"0":2},"b":{},"_coverageSchema":"1a1c01bbd47fc00a2c39e90264f33305004495a9","hash":"f1df9b52fc7a14bc1a8a10b5780bc59070a81149"}
,"C:\\Users\\korbu\\HTMLacademy\\6cities\\src\\components\\offer-item\\offer-item.jsx": {"path":"C:\\Users\\korbu\\HTMLacademy\\6cities\\src\\components\\offer-item\\offer-item.jsx","statementMap":{"0":{"start":{"line":4,"column":18},"end":{"line":8,"column":1}},"1":{"start":{"line":5,"column":2},"end":{"line":7,"column":4}},"2":{"start":{"line":10,"column":0},"end":{"line":12,"column":2}}},"fnMap":{"0":{"name":"(anonymous_0)","decl":{"start":{"line":4,"column":18},"end":{"line":4,"column":19}},"loc":{"start":{"line":4,"column":31},"end":{"line":8,"column":1}},"line":4}},"branchMap":{},"s":{"0":4,"1":15,"2":4},"f":{"0":15},"b":{},"_coverageSchema":"1a1c01bbd47fc00a2c39e90264f33305004495a9","hash":"dee9a3984a2f7e8b5c9d36d2ff655677d5ec6b5f"}
,"C:\\Users\\korbu\\HTMLacademy\\6cities\\src\\components\\offer-screen\\offer-screen.jsx": {"path":"C:\\Users\\korbu\\HTMLacademy\\6cities\\src\\components\\offer-screen\\offer-screen.jsx","statementMap":{"0":{"start":{"line":20,"column":20},"end":{"line":169,"column":1}},"1":{"start":{"line":22,"column":19},"end":{"line":22,"column":32}},"2":{"start":{"line":24,"column":15},"end":{"line":24,"column":71}},"3":{"start":{"line":24,"column":38},"end":{"line":24,"column":70}},"4":{"start":{"line":25,"column":21},"end":{"line":25,"column":75}},"5":{"start":{"line":25,"column":44},"end":{"line":25,"column":74}},"6":{"start":{"line":26,"column":30},"end":{"line":26,"column":84}},"7":{"start":{"line":26,"column":53},"end":{"line":26,"column":83}},"8":{"start":{"line":27,"column":22},"end":{"line":27,"column":68}},"9":{"start":{"line":27,"column":45},"end":{"line":27,"column":67}},"10":{"start":{"line":29,"column":2},"end":{"line":35,"column":20}},"11":{"start":{"line":30,"column":4},"end":{"line":30,"column":53}},"12":{"start":{"line":31,"column":4},"end":{"line":31,"column":49}},"13":{"start":{"line":32,"column":4},"end":{"line":34,"column":6}},"14":{"start":{"line":33,"column":6},"end":{"line":33,"column":36}},"15":{"start":{"line":37,"column":2},"end":{"line":39,"column":3}},"16":{"start":{"line":38,"column":4},"end":{"line":38,"column":33}},"17":{"start":{"line":41,"column":2},"end":{"line":43,"column":3}},"18":{"start":{"line":42,"column":4},"end":{"line":42,"column":30}},"19":{"start":{"line":59,"column":6},"end":{"line":59,"column":10}},"20":{"start":{"line":61,"column":30},"end":{"line":69,"column":3}},"21":{"start":{"line":62,"column":4},"end":{"line":68,"column":5}},"22":{"start":{"line":63,"column":6},"end":{"line":63,"column":52}},"23":{"start":{"line":65,"column":29},"end":{"line":65,"column":48}},"24":{"start":{"line":66,"column":6},"end":{"line":66,"column":66}},"25":{"start":{"line":67,"column":6},"end":{"line":67,"column":55}},"26":{"start":{"line":71,"column":24},"end":{"line":71,"column":42}},"27":{"start":{"line":73,"column":29},"end":{"line":73,"column":47}},"28":{"start":{"line":74,"column":2},"end":{"line":74,"column":32}},"29":{"start":{"line":76,"column":2},"end":{"line":168,"column":4}},"30":{"start":{"line":84,"column":48},"end":{"line":84,"column":100}},"31":{"start":{"line":156,"column":47},"end":{"line":156,"column":70}},"32":{"start":{"line":156,"column":86},"end":{"line":156,"column":88}},"33":{"start":{"line":171,"column":0},"end":{"line":173,"column":2}}},"fnMap":{"0":{"name":"(anonymous_0)","decl":{"start":{"line":20,"column":20},"end":{"line":20,"column":21}},"loc":{"start":{"line":20,"column":39},"end":{"line":169,"column":1}},"line":20},"1":{"name":"(anonymous_1)","decl":{"start":{"line":24,"column":27},"end":{"line":24,"column":28}},"loc":{"start":{"line":24,"column":38},"end":{"line":24,"column":70}},"line":24},"2":{"name":"(anonymous_2)","decl":{"start":{"line":25,"column":33},"end":{"line":25,"column":34}},"loc":{"start":{"line":25,"column":44},"end":{"line":25,"column":74}},"line":25},"3":{"name":"(anonymous_3)","decl":{"start":{"line":26,"column":42},"end":{"line":26,"column":43}},"loc":{"start":{"line":26,"column":53},"end":{"line":26,"column":83}},"line":26},"4":{"name":"(anonymous_4)","decl":{"start":{"line":27,"column":34},"end":{"line":27,"column":35}},"loc":{"start":{"line":27,"column":45},"end":{"line":27,"column":67}},"line":27},"5":{"name":"(anonymous_5)","decl":{"start":{"line":29,"column":12},"end":{"line":29,"column":13}},"loc":{"start":{"line":29,"column":18},"end":{"line":35,"column":3}},"line":29},"6":{"name":"(anonymous_6)","decl":{"start":{"line":32,"column":11},"end":{"line":32,"column":12}},"loc":{"start":{"line":32,"column":17},"end":{"line":34,"column":5}},"line":32},"7":{"name":"(anonymous_7)","decl":{"start":{"line":61,"column":30},"end":{"line":61,"column":31}},"loc":{"start":{"line":61,"column":36},"end":{"line":69,"column":3}},"line":61},"8":{"name":"(anonymous_8)","decl":{"start":{"line":84,"column":33},"end":{"line":84,"column":34}},"loc":{"start":{"line":84,"column":48},"end":{"line":84,"column":100}},"line":84},"9":{"name":"(anonymous_9)","decl":{"start":{"line":156,"column":41},"end":{"line":156,"column":42}},"loc":{"start":{"line":156,"column":47},"end":{"line":156,"column":70}},"line":156},"10":{"name":"(anonymous_10)","decl":{"start":{"line":156,"column":80},"end":{"line":156,"column":81}},"loc":{"start":{"line":156,"column":86},"end":{"line":156,"column":88}},"line":156}},"branchMap":{"0":{"loc":{"start":{"line":37,"column":2},"end":{"line":39,"column":3}},"type":"if","locations":[{"start":{"line":37,"column":2},"end":{"line":39,"column":3}},{"start":{"line":37,"column":2},"end":{"line":39,"column":3}}],"line":37},"1":{"loc":{"start":{"line":41,"column":2},"end":{"line":43,"column":3}},"type":"if","locations":[{"start":{"line":41,"column":2},"end":{"line":43,"column":3}},{"start":{"line":41,"column":2},"end":{"line":43,"column":3}}],"line":41},"2":{"loc":{"start":{"line":62,"column":4},"end":{"line":68,"column":5}},"type":"if","locations":[{"start":{"line":62,"column":4},"end":{"line":68,"column":5}},{"start":{"line":62,"column":4},"end":{"line":68,"column":5}}],"line":62},"3":{"loc":{"start":{"line":89,"column":15},"end":{"line":92,"column":27}},"type":"cond-expr","locations":[{"start":{"line":90,"column":16},"end":{"line":92,"column":22}},{"start":{"line":92,"column":25},"end":{"line":92,"column":27}}],"line":89},"4":{"loc":{"start":{"line":99,"column":65},"end":{"line":99,"column":118}},"type":"cond-expr","locations":[{"start":{"line":99,"column":78},"end":{"line":99,"column":113}},{"start":{"line":99,"column":116},"end":{"line":99,"column":118}}],"line":99},"5":{"loc":{"start":{"line":141,"column":62},"end":{"line":141,"column":111}},"type":"binary-expr","locations":[{"start":{"line":141,"column":62},"end":{"line":141,"column":76}},{"start":{"line":141,"column":80},"end":{"line":141,"column":111}}],"line":141}},"s":{"0":2,"1":2,"2":2,"3":6,"4":2,"5":6,"6":2,"7":6,"8":2,"9":6,"10":2,"11":2,"12":2,"13":2,"14":2,"15":2,"16":0,"17":2,"18":0,"19":2,"20":2,"21":0,"22":0,"23":0,"24":0,"25":0,"26":2,"27":2,"28":2,"29":2,"30":8,"31":1,"32":0,"33":2},"f":{"0":2,"1":6,"2":6,"3":6,"4":6,"5":2,"6":2,"7":0,"8":8,"9":1,"10":0},"b":{"0":[0,2],"1":[0,2],"2":[0,0],"3":[1,1],"4":[0,2],"5":[2,2]},"_coverageSchema":"1a1c01bbd47fc00a2c39e90264f33305004495a9","hash":"1aaf6a837434501aac96076f9a7256f36d6bcb28"}
,"C:\\Users\\korbu\\HTMLacademy\\6cities\\src\\components\\offers-list\\offers-list.jsx": {"path":"C:\\Users\\korbu\\HTMLacademy\\6cities\\src\\components\\offers-list\\offers-list.jsx","statementMap":{"0":{"start":{"line":5,"column":19},"end":{"line":14,"column":1}},"1":{"start":{"line":6,"column":2},"end":{"line":8,"column":3}},"2":{"start":{"line":7,"column":4},"end":{"line":7,"column":14}},"3":{"start":{"line":9,"column":2},"end":{"line":13,"column":4}},"4":{"start":{"line":11,"column":32},"end":{"line":11,"column":80}},"5":{"start":{"line":16,"column":0},"end":{"line":20,"column":2}}},"fnMap":{"0":{"name":"(anonymous_0)","decl":{"start":{"line":5,"column":19},"end":{"line":5,"column":20}},"loc":{"start":{"line":5,"column":33},"end":{"line":14,"column":1}},"line":5},"1":{"name":"(anonymous_1)","decl":{"start":{"line":11,"column":18},"end":{"line":11,"column":19}},"loc":{"start":{"line":11,"column":32},"end":{"line":11,"column":80}},"line":11}},"branchMap":{"0":{"loc":{"start":{"line":6,"column":2},"end":{"line":8,"column":3}},"type":"if","locations":[{"start":{"line":6,"column":2},"end":{"line":8,"column":3}},{"start":{"line":6,"column":2},"end":{"line":8,"column":3}}],"line":6}},"s":{"0":3,"1":3,"2":0,"3":3,"4":14,"5":3},"f":{"0":3,"1":14},"b":{"0":[0,3]},"_coverageSchema":"1a1c01bbd47fc00a2c39e90264f33305004495a9","hash":"b51069d27f2505b573f799382c9c91a4c8eda785"}
,"C:\\Users\\korbu\\HTMLacademy\\6cities\\src\\components\\places\\places.jsx": {"path":"C:\\Users\\korbu\\HTMLacademy\\6cities\\src\\components\\places\\places.jsx","statementMap":{"0":{"start":{"line":7,"column":15},"end":{"line":27,"column":1}},"1":{"start":{"line":8,"column":24},"end":{"line":8,"column":72}},"2":{"start":{"line":8,"column":47},"end":{"line":8,"column":71}},"3":{"start":{"line":10,"column":2},"end":{"line":14,"column":3}},"4":{"start":{"line":11,"column":4},"end":{"line":13,"column":6}},"5":{"start":{"line":16,"column":2},"end":{"line":26,"column":4}}},"fnMap":{"0":{"name":"(anonymous_0)","decl":{"start":{"line":7,"column":15},"end":{"line":7,"column":16}},"loc":{"start":{"line":7,"column":21},"end":{"line":27,"column":1}},"line":7},"1":{"name":"(anonymous_1)","decl":{"start":{"line":8,"column":36},"end":{"line":8,"column":37}},"loc":{"start":{"line":8,"column":47},"end":{"line":8,"column":71}},"line":8}},"branchMap":{"0":{"loc":{"start":{"line":10,"column":2},"end":{"line":14,"column":3}},"type":"if","locations":[{"start":{"line":10,"column":2},"end":{"line":14,"column":3}},{"start":{"line":10,"column":2},"end":{"line":14,"column":3}}],"line":10}},"s":{"0":3,"1":3,"2":6,"3":3,"4":0,"5":3},"f":{"0":3,"1":6},"b":{"0":[0,3]},"_coverageSchema":"1a1c01bbd47fc00a2c39e90264f33305004495a9","hash":"d838e74d9927aed910494be0b1e95c4b75a96a13"}
,"C:\\Users\\korbu\\HTMLacademy\\6cities\\src\\components\\places\\places.prop.js": {"path":"C:\\Users\\korbu\\HTMLacademy\\6cities\\src\\components\\places\\places.prop.js","statementMap":{},"fnMap":{},"branchMap":{},"s":{},"f":{},"b":{},"_coverageSchema":"1a1c01bbd47fc00a2c39e90264f33305004495a9","hash":"5218d4a9646575c85970338383e759f3a7b90f79"}
,"C:\\Users\\korbu\\HTMLacademy\\6cities\\src\\components\\private-route\\private-route.jsx": {"path":"C:\\Users\\korbu\\HTMLacademy\\6cities\\src\\components\\private-route\\private-route.jsx","statementMap":{"0":{"start":{"line":7,"column":21},"end":{"line":19,"column":1}},"1":{"start":{"line":8,"column":30},"end":{"line":8,"column":84}},"2":{"start":{"line":8,"column":53},"end":{"line":8,"column":83}},"3":{"start":{"line":9,"column":24},"end":{"line":9,"column":72}},"4":{"start":{"line":9,"column":47},"end":{"line":9,"column":71}},"5":{"start":{"line":11,"column":2},"end":{"line":13,"column":3}},"6":{"start":{"line":12,"column":4},"end":{"line":12,"column":33}},"7":{"start":{"line":14,"column":2},"end":{"line":18,"column":4}},"8":{"start":{"line":21,"column":0},"end":{"line":25,"column":3}},"9":{"start":{"line":21,"column":32},"end":{"line":25,"column":1}}},"fnMap":{"0":{"name":"(anonymous_0)","decl":{"start":{"line":7,"column":21},"end":{"line":7,"column":22}},"loc":{"start":{"line":7,"column":46},"end":{"line":19,"column":1}},"line":7},"1":{"name":"(anonymous_1)","decl":{"start":{"line":8,"column":42},"end":{"line":8,"column":43}},"loc":{"start":{"line":8,"column":53},"end":{"line":8,"column":83}},"line":8},"2":{"name":"(anonymous_2)","decl":{"start":{"line":9,"column":36},"end":{"line":9,"column":37}},"loc":{"start":{"line":9,"column":47},"end":{"line":9,"column":71}},"line":9},"3":{"name":"(anonymous_3)","decl":{"start":{"line":21,"column":25},"end":{"line":21,"column":26}},"loc":{"start":{"line":21,"column":32},"end":{"line":25,"column":1}},"line":21}},"branchMap":{"0":{"loc":{"start":{"line":11,"column":2},"end":{"line":13,"column":3}},"type":"if","locations":[{"start":{"line":11,"column":2},"end":{"line":13,"column":3}},{"start":{"line":11,"column":2},"end":{"line":13,"column":3}}],"line":11},"1":{"loc":{"start":{"line":15,"column":4},"end":{"line":17,"column":16}},"type":"cond-expr","locations":[{"start":{"line":16,"column":8},"end":{"line":16,"column":19}},{"start":{"line":17,"column":8},"end":{"line":17,"column":16}}],"line":15}},"s":{"0":3,"1":4,"2":10,"3":4,"4":10,"5":4,"6":1,"7":3,"8":3,"9":0},"f":{"0":4,"1":10,"2":10,"3":0},"b":{"0":[1,3],"1":[2,1]},"_coverageSchema":"1a1c01bbd47fc00a2c39e90264f33305004495a9","hash":"c3972e858df83ab25f8e909869d365b823210f4a"}
,"C:\\Users\\korbu\\HTMLacademy\\6cities\\src\\components\\review\\comment.prop.js": {"path":"C:\\Users\\korbu\\HTMLacademy\\6cities\\src\\components\\review\\comment.prop.js","statementMap":{},"fnMap":{},"branchMap":{},"s":{},"f":{},"b":{},"_coverageSchema":"1a1c01bbd47fc00a2c39e90264f33305004495a9","hash":"0e7b17c8ad56e1330438f5b6cb7feffde7c208c5"}
,"C:\\Users\\korbu\\HTMLacademy\\6cities\\src\\components\\review\\review.jsx": {"path":"C:\\Users\\korbu\\HTMLacademy\\6cities\\src\\components\\review\\review.jsx","statementMap":{"0":{"start":{"line":4,"column":15},"end":{"line":38,"column":1}},"1":{"start":{"line":10,"column":6},"end":{"line":10,"column":12}},"2":{"start":{"line":11,"column":22},"end":{"line":11,"column":36}},"3":{"start":{"line":12,"column":2},"end":{"line":37,"column":4}},"4":{"start":{"line":40,"column":0},"end":{"line":42,"column":2}}},"fnMap":{"0":{"name":"(anonymous_0)","decl":{"start":{"line":4,"column":15},"end":{"line":4,"column":16}},"loc":{"start":{"line":4,"column":29},"end":{"line":38,"column":1}},"line":4}},"branchMap":{},"s":{"0":4,"1":3,"2":3,"3":3,"4":4},"f":{"0":3},"b":{},"_coverageSchema":"1a1c01bbd47fc00a2c39e90264f33305004495a9","hash":"4ec6a8bfa6e329396ef4d4061e6798192cd3939f"}
,"C:\\Users\\korbu\\HTMLacademy\\6cities\\src\\components\\reviews\\reviews.jsx": {"path":"C:\\Users\\korbu\\HTMLacademy\\6cities\\src\\components\\reviews\\reviews.jsx","statementMap":{"0":{"start":{"line":5,"column":16},"end":{"line":18,"column":1}},"1":{"start":{"line":6,"column":19},"end":{"line":6,"column":71}},"2":{"start":{"line":6,"column":42},"end":{"line":6,"column":70}},"3":{"start":{"line":8,"column":2},"end":{"line":17,"column":4}},"4":{"start":{"line":13,"column":10},"end":{"line":13,"column":59}}},"fnMap":{"0":{"name":"(anonymous_0)","decl":{"start":{"line":5,"column":16},"end":{"line":5,"column":17}},"loc":{"start":{"line":5,"column":22},"end":{"line":18,"column":1}},"line":5},"1":{"name":"(anonymous_1)","decl":{"start":{"line":6,"column":31},"end":{"line":6,"column":32}},"loc":{"start":{"line":6,"column":42},"end":{"line":6,"column":70}},"line":6},"2":{"name":"(anonymous_2)","decl":{"start":{"line":12,"column":22},"end":{"line":12,"column":23}},"loc":{"start":{"line":12,"column":34},"end":{"line":14,"column":9}},"line":12}},"branchMap":{},"s":{"0":3,"1":3,"2":8,"3":3,"4":2},"f":{"0":3,"1":8,"2":2},"b":{},"_coverageSchema":"1a1c01bbd47fc00a2c39e90264f33305004495a9","hash":"ed2919100b7fb1733d74a32dbf7c47fd5c06c95b"}
,"C:\\Users\\korbu\\HTMLacademy\\6cities\\src\\components\\sort\\sort.jsx": {"path":"C:\\Users\\korbu\\HTMLacademy\\6cities\\src\\components\\sort\\sort.jsx","statementMap":{"0":{"start":{"line":6,"column":13},"end":{"line":30,"column":1}},"1":{"start":{"line":7,"column":26},"end":{"line":7,"column":67}},"2":{"start":{"line":7,"column":49},"end":{"line":7,"column":66}},"3":{"start":{"line":9,"column":24},"end":{"line":9,"column":48}},"4":{"start":{"line":11,"column":19},"end":{"line":11,"column":27}},"5":{"start":{"line":12,"column":30},"end":{"line":15,"column":3}},"6":{"start":{"line":13,"column":28},"end":{"line":13,"column":44}},"7":{"start":{"line":14,"column":4},"end":{"line":14,"column":64}},"8":{"start":{"line":16,"column":2},"end":{"line":29,"column":4}},"9":{"start":{"line":26,"column":44},"end":{"line":26,"column":100}}},"fnMap":{"0":{"name":"(anonymous_0)","decl":{"start":{"line":6,"column":13},"end":{"line":6,"column":14}},"loc":{"start":{"line":6,"column":19},"end":{"line":30,"column":1}},"line":6},"1":{"name":"(anonymous_1)","decl":{"start":{"line":7,"column":38},"end":{"line":7,"column":39}},"loc":{"start":{"line":7,"column":49},"end":{"line":7,"column":66}},"line":7},"2":{"name":"(anonymous_2)","decl":{"start":{"line":12,"column":30},"end":{"line":12,"column":31}},"loc":{"start":{"line":12,"column":36},"end":{"line":15,"column":3}},"line":12},"3":{"name":"(anonymous_3)","decl":{"start":{"line":26,"column":27},"end":{"line":26,"column":28}},"loc":{"start":{"line":26,"column":44},"end":{"line":26,"column":100}},"line":26}},"branchMap":{},"s":{"0":5,"1":3,"2":6,"3":3,"4":3,"5":3,"6":0,"7":0,"8":3,"9":12},"f":{"0":3,"1":6,"2":0,"3":12},"b":{},"_coverageSchema":"1a1c01bbd47fc00a2c39e90264f33305004495a9","hash":"278670c5740ccb8eba864fe15c635962693aff97"}
,"C:\\Users\\korbu\\HTMLacademy\\6cities\\src\\components\\sort-item\\sort-item.jsx": {"path":"C:\\Users\\korbu\\HTMLacademy\\6cities\\src\\components\\sort-item\\sort-item.jsx","statementMap":{"0":{"start":{"line":6,"column":17},"end":{"line":17,"column":1}},"1":{"start":{"line":7,"column":19},"end":{"line":7,"column":32}},"2":{"start":{"line":9,"column":27},"end":{"line":12,"column":3}},"3":{"start":{"line":10,"column":17},"end":{"line":10,"column":37}},"4":{"start":{"line":11,"column":4},"end":{"line":11,"column":28}},"5":{"start":{"line":14,"column":2},"end":{"line":16,"column":4}},"6":{"start":{"line":19,"column":0},"end":{"line":21,"column":2}}},"fnMap":{"0":{"name":"(anonymous_0)","decl":{"start":{"line":6,"column":17},"end":{"line":6,"column":18}},"loc":{"start":{"line":6,"column":33},"end":{"line":17,"column":1}},"line":6},"1":{"name":"(anonymous_1)","decl":{"start":{"line":9,"column":27},"end":{"line":9,"column":28}},"loc":{"start":{"line":9,"column":36},"end":{"line":12,"column":3}},"line":9}},"branchMap":{},"s":{"0":6,"1":13,"2":13,"3":0,"4":0,"5":13,"6":6},"f":{"0":13,"1":0},"b":{},"_coverageSchema":"1a1c01bbd47fc00a2c39e90264f33305004495a9","hash":"5e5cf1b1798f34b7512180920d67deb3601da3ba"}
,"C:\\Users\\korbu\\HTMLacademy\\6cities\\src\\middlewares\\redirect.js": {"path":"C:\\Users\\korbu\\HTMLacademy\\6cities\\src\\middlewares\\redirect.js","statementMap":{"0":{"start":{"line":4,"column":24},"end":{"line":10,"column":1}},"1":{"start":{"line":4,"column":30},"end":{"line":10,"column":1}},"2":{"start":{"line":4,"column":40},"end":{"line":10,"column":1}},"3":{"start":{"line":5,"column":2},"end":{"line":7,"column":3}},"4":{"start":{"line":6,"column":4},"end":{"line":6,"column":40}},"5":{"start":{"line":9,"column":2},"end":{"line":9,"column":22}}},"fnMap":{"0":{"name":"(anonymous_0)","decl":{"start":{"line":4,"column":24},"end":{"line":4,"column":25}},"loc":{"start":{"line":4,"column":30},"end":{"line":10,"column":1}},"line":4},"1":{"name":"(anonymous_1)","decl":{"start":{"line":4,"column":30},"end":{"line":4,"column":31}},"loc":{"start":{"line":4,"column":40},"end":{"line":10,"column":1}},"line":4},"2":{"name":"(anonymous_2)","decl":{"start":{"line":4,"column":40},"end":{"line":4,"column":41}},"loc":{"start":{"line":4,"column":52},"end":{"line":10,"column":1}},"line":4}},"branchMap":{"0":{"loc":{"start":{"line":5,"column":2},"end":{"line":7,"column":3}},"type":"if","locations":[{"start":{"line":5,"column":2},"end":{"line":7,"column":3}},{"start":{"line":5,"column":2},"end":{"line":7,"column":3}}],"line":5}},"s":{"0":1,"1":4,"2":4,"3":4,"4":3,"5":4},"f":{"0":4,"1":4,"2":4},"b":{"0":[3,1]},"_coverageSchema":"1a1c01bbd47fc00a2c39e90264f33305004495a9","hash":"f0d6d68683086f38eaebd150a434bc991c343326"}
,"C:\\Users\\korbu\\HTMLacademy\\6cities\\src\\services\\api.js": {"path":"C:\\Users\\korbu\\HTMLacademy\\6cities\\src\\services\\api.js","statementMap":{"0":{"start":{"line":3,"column":20},"end":{"line":3,"column":62}},"1":{"start":{"line":5,"column":24},"end":{"line":5,"column":28}},"2":{"start":{"line":7,"column":17},"end":{"line":12,"column":1}},"3":{"start":{"line":14,"column":25},"end":{"line":36,"column":1}},"4":{"start":{"line":15,"column":14},"end":{"line":19,"column":4}},"5":{"start":{"line":21,"column":20},"end":{"line":21,"column":42}},"6":{"start":{"line":21,"column":34},"end":{"line":21,"column":42}},"7":{"start":{"line":23,"column":17},"end":{"line":31,"column":3}},"8":{"start":{"line":24,"column":23},"end":{"line":24,"column":26}},"9":{"start":{"line":25,"column":4},"end":{"line":28,"column":5}},"10":{"start":{"line":26,"column":6},"end":{"line":26,"column":23}},"11":{"start":{"line":27,"column":6},"end":{"line":27,"column":16}},"12":{"start":{"line":30,"column":4},"end":{"line":30,"column":14}},"13":{"start":{"line":33,"column":2},"end":{"line":33,"column":51}},"14":{"start":{"line":35,"column":2},"end":{"line":35,"column":13}}},"fnMap":{"0":{"name":"(anonymous_0)","decl":{"start":{"line":14,"column":25},"end":{"line":14,"column":26}},"loc":{"start":{"line":14,"column":45},"end":{"line":36,"column":1}},"line":14},"1":{"name":"(anonymous_1)","decl":{"start":{"line":21,"column":20},"end":{"line":21,"column":21}},"loc":{"start":{"line":21,"column":34},"end":{"line":21,"column":42}},"line":21},"2":{"name":"(anonymous_2)","decl":{"start":{"line":23,"column":17},"end":{"line":23,"column":18}},"loc":{"start":{"line":23,"column":26},"end":{"line":31,"column":3}},"line":23}},"branchMap":{"0":{"loc":{"start":{"line":25,"column":4},"end":{"line":28,"column":5}},"type":"if","locations":[{"start":{"line":25,"column":4},"end":{"line":28,"column":5}},{"start":{"line":25,"column":4},"end":{"line":28,"column":5}}],"line":25}},"s":{"0":3,"1":3,"2":3,"3":3,"4":3,"5":3,"6":11,"7":3,"8":0,"9":0,"10":0,"11":0,"12":0,"13":3,"14":3},"f":{"0":3,"1":11,"2":0},"b":{"0":[0,0]},"_coverageSchema":"1a1c01bbd47fc00a2c39e90264f33305004495a9","hash":"02c273e605f745c773d6f2513eaeb9ab3959628a"}
,"C:\\Users\\korbu\\HTMLacademy\\6cities\\src\\store\\current-offer-data\\actions.js": {"path":"C:\\Users\\korbu\\HTMLacademy\\6cities\\src\\store\\current-offer-data\\actions.js","statementMap":{"0":{"start":{"line":3,"column":26},"end":{"line":11,"column":1}},"1":{"start":{"line":13,"column":31},"end":{"line":15,"column":3}},"2":{"start":{"line":13,"column":86},"end":{"line":15,"column":1}},"3":{"start":{"line":17,"column":29},"end":{"line":19,"column":3}},"4":{"start":{"line":17,"column":83},"end":{"line":19,"column":1}},"5":{"start":{"line":21,"column":27},"end":{"line":23,"column":3}},"6":{"start":{"line":21,"column":81},"end":{"line":23,"column":1}},"7":{"start":{"line":25,"column":27},"end":{"line":27,"column":3}},"8":{"start":{"line":25,"column":83},"end":{"line":27,"column":1}},"9":{"start":{"line":29,"column":36},"end":{"line":31,"column":3}},"10":{"start":{"line":29,"column":95},"end":{"line":31,"column":1}},"11":{"start":{"line":33,"column":33},"end":{"line":35,"column":3}},"12":{"start":{"line":33,"column":96},"end":{"line":35,"column":1}},"13":{"start":{"line":37,"column":33},"end":{"line":37,"column":77}}},"fnMap":{"0":{"name":"(anonymous_0)","decl":{"start":{"line":13,"column":75},"end":{"line":13,"column":76}},"loc":{"start":{"line":13,"column":86},"end":{"line":15,"column":1}},"line":13},"1":{"name":"(anonymous_1)","decl":{"start":{"line":17,"column":71},"end":{"line":17,"column":72}},"loc":{"start":{"line":17,"column":83},"end":{"line":19,"column":1}},"line":17},"2":{"name":"(anonymous_2)","decl":{"start":{"line":21,"column":66},"end":{"line":21,"column":67}},"loc":{"start":{"line":21,"column":81},"end":{"line":23,"column":1}},"line":21},"3":{"name":"(anonymous_3)","decl":{"start":{"line":25,"column":68},"end":{"line":25,"column":69}},"loc":{"start":{"line":25,"column":83},"end":{"line":27,"column":1}},"line":25},"4":{"name":"(anonymous_4)","decl":{"start":{"line":29,"column":84},"end":{"line":29,"column":85}},"loc":{"start":{"line":29,"column":95},"end":{"line":31,"column":1}},"line":29},"5":{"name":"(anonymous_5)","decl":{"start":{"line":33,"column":78},"end":{"line":33,"column":79}},"loc":{"start":{"line":33,"column":96},"end":{"line":35,"column":1}},"line":33}},"branchMap":{},"s":{"0":28,"1":28,"2":3,"3":28,"4":2,"5":28,"6":3,"7":28,"8":1,"9":28,"10":2,"11":28,"12":5,"13":28},"f":{"0":3,"1":2,"2":3,"3":1,"4":2,"5":5},"b":{},"_coverageSchema":"1a1c01bbd47fc00a2c39e90264f33305004495a9","hash":"5a33ddf46f3f598ef5dbef9138c1b1e0357b159f"}
,"C:\\Users\\korbu\\HTMLacademy\\6cities\\src\\store\\current-offer-data\\api-actions.js": {"path":"C:\\Users\\korbu\\HTMLacademy\\6cities\\src\\store\\current-offer-data\\api-actions.js","statementMap":{"0":{"start":{"line":4,"column":37},"end":{"line":18,"column":1}},"1":{"start":{"line":4,"column":45},"end":{"line":18,"column":1}},"2":{"start":{"line":5,"column":2},"end":{"line":17,"column":70}},"3":{"start":{"line":11,"column":4},"end":{"line":11,"column":50}},"4":{"start":{"line":12,"column":4},"end":{"line":12,"column":56}},"5":{"start":{"line":13,"column":4},"end":{"line":13,"column":49}},"6":{"start":{"line":14,"column":4},"end":{"line":14,"column":49}},"7":{"start":{"line":16,"column":14},"end":{"line":16,"column":67}},"8":{"start":{"line":17,"column":15},"end":{"line":17,"column":69}},"9":{"start":{"line":20,"column":27},"end":{"line":26,"column":1}},"10":{"start":{"line":20,"column":67},"end":{"line":26,"column":1}},"11":{"start":{"line":21,"column":2},"end":{"line":25,"column":102}},"12":{"start":{"line":22,"column":22},"end":{"line":22,"column":57}},"13":{"start":{"line":23,"column":16},"end":{"line":23,"column":69}},"14":{"start":{"line":24,"column":17},"end":{"line":24,"column":71}},"15":{"start":{"line":25,"column":19},"end":{"line":25,"column":101}},"16":{"start":{"line":25,"column":37},"end":{"line":25,"column":93}},"17":{"start":{"line":28,"column":34},"end":{"line":34,"column":1}},"18":{"start":{"line":28,"column":52},"end":{"line":34,"column":1}},"19":{"start":{"line":29,"column":2},"end":{"line":33,"column":102}},"20":{"start":{"line":30,"column":22},"end":{"line":30,"column":66}},"21":{"start":{"line":31,"column":16},"end":{"line":31,"column":69}},"22":{"start":{"line":32,"column":17},"end":{"line":32,"column":71}},"23":{"start":{"line":33,"column":19},"end":{"line":33,"column":101}},"24":{"start":{"line":33,"column":37},"end":{"line":33,"column":93}},"25":{"start":{"line":36,"column":45},"end":{"line":44,"column":1}},"26":{"start":{"line":36,"column":63},"end":{"line":44,"column":1}},"27":{"start":{"line":37,"column":2},"end":{"line":43,"column":72}},"28":{"start":{"line":39,"column":6},"end":{"line":39,"column":51}},"29":{"start":{"line":40,"column":6},"end":{"line":40,"column":46}},"30":{"start":{"line":42,"column":16},"end":{"line":42,"column":69}},"31":{"start":{"line":43,"column":17},"end":{"line":43,"column":71}}},"fnMap":{"0":{"name":"(anonymous_0)","decl":{"start":{"line":4,"column":37},"end":{"line":4,"column":38}},"loc":{"start":{"line":4,"column":45},"end":{"line":18,"column":1}},"line":4},"1":{"name":"(anonymous_1)","decl":{"start":{"line":4,"column":45},"end":{"line":4,"column":46}},"loc":{"start":{"line":5,"column":2},"end":{"line":17,"column":70}},"line":5},"2":{"name":"(anonymous_2)","decl":{"start":{"line":10,"column":8},"end":{"line":10,"column":9}},"loc":{"start":{"line":10,"column":39},"end":{"line":15,"column":3}},"line":10},"3":{"name":"(anonymous_3)","decl":{"start":{"line":16,"column":8},"end":{"line":16,"column":9}},"loc":{"start":{"line":16,"column":14},"end":{"line":16,"column":67}},"line":16},"4":{"name":"(anonymous_4)","decl":{"start":{"line":17,"column":9},"end":{"line":17,"column":10}},"loc":{"start":{"line":17,"column":15},"end":{"line":17,"column":69}},"line":17},"5":{"name":"(anonymous_5)","decl":{"start":{"line":20,"column":27},"end":{"line":20,"column":28}},"loc":{"start":{"line":20,"column":67},"end":{"line":26,"column":1}},"line":20},"6":{"name":"(anonymous_6)","decl":{"start"
[...]
,"C:\\Users\\korbu\\HTMLacademy\\6cities\\src\\store\\offers-data\\reducer.js": {"path":"C:\\Users\\korbu\\HTMLacademy\\6cities\\src\\store\\offers-data\\reducer.js","statementMap":{"0":{"start":{"line":5,"column":28},"end":{"line":11,"column":1}},"1":{"start":{"line":13,"column":20},"end":{"line":19,"column":1}},"2":{"start":{"line":14,"column":20},"end":{"line":14,"column":78}},"3":{"start":{"line":14,"column":51},"end":{"line":14,"column":77}},"4":{"start":{"line":15,"column":2},"end":{"line":17,"column":3}},"5":{"start":{"line":16,"column":4},"end":{"line":16,"column":22}},"6":{"start":{"line":18,"column":2},"end":{"line":18,"column":94}},"7":{"start":{"line":21,"column":19},"end":{"line":36,"column":2}},"8":{"start":{"line":22,"column":2},"end":{"line":25,"column":5}},"9":{"start":{"line":23,"column":4},"end":{"line":23,"column":33}},"10":{"start":{"line":24,"column":4},"end":{"line":24,"column":31}},"11":{"start":{"line":26,"column":2},"end":{"line":29,"column":5}},"12":{"start":{"line":27,"column":4},"end":{"line":27,"column":40}},"13":{"start":{"line":28,"column":4},"end":{"line":28,"column":39}},"14":{"start":{"line":30,"column":2},"end":{"line":32,"column":5}},"15":{"start":{"line":31,"column":4},"end":{"line":31,"column":59}},"16":{"start":{"line":33,"column":2},"end":{"line":35,"column":5}},"17":{"start":{"line":34,"column":4},"end":{"line":34,"column":39}}},"fnMap":{"0":{"name":"(anonymous_0)","decl":{"start":{"line":13,"column":20},"end":{"line":13,"column":21}},"loc":{"start":{"line":13,"column":49},"end":{"line":19,"column":1}},"line":13},"1":{"name":"(anonymous_1)","decl":{"start":{"line":14,"column":41},"end":{"line":14,"column":42}},"loc":{"start":{"line":14,"column":51},"end":{"line":14,"column":77}},"line":14},"2":{"name":"(anonymous_2)","decl":{"start":{"line":21,"column":47},"end":{"line":21,"column":48}},"loc":{"start":{"line":21,"column":60},"end":{"line":36,"column":1}},"line":21},"3":{"name":"(anonymous_3)","decl":{"start":{"line":22,"column":36},"end":{"line":22,"column":37}},"loc":{"start":{"line":22,"column":55},"end":{"line":25,"column":3}},"line":22},"4":{"name":"(anonymous_4)","decl":{"start":{"line":26,"column":44},"end":{"line":26,"column":45}},"loc":{"start":{"line":26,"column":63},"end":{"line":29,"column":3}},"line":26},"5":{"name":"(anonymous_5)","decl":{"start":{"line":30,"column":48},"end":{"line":30,"column":49}},"loc":{"start":{"line":30,"column":67},"end":{"line":32,"column":3}},"line":30},"6":{"name":"(anonymous_6)","decl":{"start":{"line":33,"column":45},"end":{"line":33,"column":46}},"loc":{"start":{"line":33,"column":64},"end":{"line":35,"column":3}},"line":33}},"branchMap":{"0":{"loc":{"start":{"line":15,"column":2},"end":{"line":17,"column":3}},"type":"if","locations":[{"start":{"line":15,"column":2},"end":{"line":17,"column":3}},{"start":{"line":15,"column":2},"end":{"line":17,"column":3}}],"line":15}},"s":{"0":23,"1":23,"2":1,"3":2,"4":1,"5":0,"6":1,"7":23,"8":23,"9":1,"10":1,"11":23,"12":0,"13":0,"14":23,"15":1,"16":23,"17":1},"f":{"0":1,"1":2,"2":23,"3":1,"4":0,"5":1,"6":1},"b":{"0":[0,1]},"_coverageSchema":"1a1c01bbd47fc00a2c39e90264f33305004495a9","hash":"0b2b984b8be8a605213b8d8acfcfe29b5fdec26f"}
,"C:\\Users\\korbu\\HTMLacademy\\6cities\\src\\store\\offers-data\\selectors.js": {"path":"C:\\Users\\korbu\\HTMLacademy\\6cities\\src\\store\\offers-data\\selectors.js","statementMap":{"0":{"start":{"line":5,"column":36},"end":{"line":19,"column":1}},"1":{"start":{"line":6,"column":23},"end":{"line":6,"column":78}},"2":{"start":{"line":6,"column":50},"end":{"line":6,"column":77}},"3":{"start":{"line":7,"column":2},"end":{"line":18,"column":3}},"4":{"start":{"line":9,"column":6},"end":{"line":9,"column":50}},"5":{"start":{"line":11,"column":6},"end":{"line":11,"column":53}},"6":{"start":{"line":13,"column":6},"end":{"line":13,"column":55}},"7":{"start":{"line":15,"column":6},"end":{"line":15,"column":47}},"8":{"start":{"line":17,"column":6},"end":{"line":17,"column":26}}},"fnMap":{"0":{"name":"(anonymous_0)","decl":{"start":{"line":5,"column":36},"end":{"line":5,"column":37}},"loc":{"start":{"line":5,"column":67},"end":{"line":19,"column":1}},"line":5},"1":{"name":"(anonymous_1)","decl":{"start":{"line":6,"column":40},"end":{"line":6,"column":41}},"loc":{"start":{"line":6,"column":50},"end":{"line":6,"column":77}},"line":6}},"branchMap":{"0":{"loc":{"start":{"line":7,"column":2},"end":{"line":18,"column":3}},"type":"switch","locations":[{"start":{"line":8,"column":4},"end":{"line":9,"column":50}},{"start":{"line":10,"column":4},"end":{"line":11,"column":53}},{"start":{"line":12,"column":4},"end":{"line":13,"column":55}},{"start":{"line":14,"column":4},"end":{"line":15,"column":47}},{"start":{"line":16,"column":4},"end":{"line":17,"column":26}}],"line":7}},"s":{"0":5,"1":8,"2":42,"3":8,"4":3,"5":1,"6":1,"7":1,"8":2},"f":{"0":8,"1":42},"b":{"0":[3,1,1,1,2]},"_coverageSchema":"1a1c01bbd47fc00a2c39e90264f33305004495a9","hash":"57407ff8fb6735c6526476be62e827917b4eeba0"}
,"C:\\Users\\korbu\\HTMLacademy\\6cities\\src\\store\\screen\\actions.js": {"path":"C:\\Users\\korbu\\HTMLacademy\\6cities\\src\\store\\screen\\actions.js","statementMap":{"0":{"start":{"line":3,"column":26},"end":{"line":7,"column":1}},"1":{"start":{"line":9,"column":27},"end":{"line":11,"column":3}},"2":{"start":{"line":9,"column":83},"end":{"line":11,"column":1}},"3":{"start":{"line":13,"column":23},"end":{"line":15,"column":3}},"4":{"start":{"line":13,"column":71},"end":{"line":15,"column":1}},"5":{"start":{"line":17,"column":24},"end":{"line":19,"column":3}},"6":{"start":{"line":17,"column":68},"end":{"line":19,"column":1}}},"fnMap":{"0":{"name":"(anonymous_0)","decl":{"start":{"line":9,"column":68},"end":{"line":9,"column":69}},"loc":{"start":{"line":9,"column":83},"end":{"line":11,"column":1}},"line":9},"1":{"name":"(anonymous_1)","decl":{"start":{"line":13,"column":60},"end":{"line":13,"column":61}},"loc":{"start":{"line":13,"column":71},"end":{"line":15,"column":1}},"line":13},"2":{"name":"(anonymous_2)","decl":{"start":{"line":17,"column":58},"end":{"line":17,"column":59}},"loc":{"start":{"line":17,"column":68},"end":{"line":19,"column":1}},"line":17}},"branchMap":{},"s":{"0":27,"1":27,"2":1,"3":27,"4":1,"5":27,"6":4},"f":{"0":1,"1":1,"2":4},"b":{},"_coverageSchema":"1a1c01bbd47fc00a2c39e90264f33305004495a9","hash":"4db2810e2e75a05e5661dd79d68102c08357dc10"}
,"C:\\Users\\korbu\\HTMLacademy\\6cities\\src\\store\\screen\\reducer.js": {"path":"C:\\Users\\korbu\\HTMLacademy\\6cities\\src\\store\\screen\\reducer.js","statementMap":{"0":{"start":{"line":5,"column":28},"end":{"line":8,"column":1}},"1":{"start":{"line":10,"column":15},"end":{"line":17,"column":2}},"2":{"start":{"line":11,"column":2},"end":{"line":13,"column":5}},"3":{"start":{"line":12,"column":4},"end":{"line":12,"column":36}},"4":{"start":{"line":14,"column":2},"end":{"line":16,"column":5}},"5":{"start":{"line":15,"column":4},"end":{"line":15,"column":32}}},"fnMap":{"0":{"name":"(anonymous_0)","decl":{"start":{"line":10,"column":43},"end":{"line":10,"column":44}},"loc":{"start":{"line":10,"column":56},"end":{"line":17,"column":1}},"line":10},"1":{"name":"(anonymous_1)","decl":{"start":{"line":11,"column":39},"end":{"line":11,"column":40}},"loc":{"start":{"line":11,"column":58},"end":{"line":13,"column":3}},"line":11},"2":{"name":"(anonymous_2)","decl":{"start":{"line":14,"column":35},"end":{"line":14,"column":36}},"loc":{"start":{"line":14,"column":54},"end":{"line":16,"column":3}},"line":14}},"branchMap":{},"s":{"0":23,"1":23,"2":23,"3":1,"4":23,"5":1},"f":{"0":23,"1":1,"2":1},"b":{},"_coverageSchema":"1a1c01bbd47fc00a2c39e90264f33305004495a9","hash":"f39cd557e77714d2be40e021053629f94429c652"}
,"C:\\Users\\korbu\\HTMLacademy\\6cities\\src\\store\\user-data\\actions.js": {"path":"C:\\Users\\korbu\\HTMLacademy\\6cities\\src\\store\\user-data\\actions.js","statementMap":{"0":{"start":{"line":3,"column":26},"end":{"line":9,"column":1}},"1":{"start":{"line":11,"column":36},"end":{"line":13,"column":3}},"2":{"start":{"line":11,"column":97},"end":{"line":13,"column":1}},"3":{"start":{"line":15,"column":27},"end":{"line":17,"column":3}},"4":{"start":{"line":15,"column":83},"end":{"line":17,"column":1}},"5":{"start":{"line":19,"column":27},"end":{"line":24,"column":3}},"6":{"start":{"line":19,"column":93},"end":{"line":24,"column":1}},"7":{"start":{"line":26,"column":29},"end":{"line":28,"column":3}},"8":{"start":{"line":26,"column":80},"end":{"line":28,"column":1}},"9":{"start":{"line":30,"column":24},"end":{"line":32,"column":3}},"10":{"start":{"line":30,"column":68},"end":{"line":32,"column":1}},"11":{"start":{"line":34,"column":33},"end":{"line":36,"column":3}},"12":{"start":{"line":34,"column":96},"end":{"line":36,"column":1}}},"fnMap":{"0":{"name":"(anonymous_0)","decl":{"start":{"line":11,"column":84},"end":{"line":11,"column":85}},"loc":{"start":{"line":11,"column":97},"end":{"line":13,"column":1}},"line":11},"1":{"name":"(anonymous_1)","decl":{"start":{"line":15,"column":68},"end":{"line":15,"column":69}},"loc":{"start":{"line":15,"column":83},"end":{"line":17,"column":1}},"line":15},"2":{"name":"(anonymous_2)","decl":{"start":{"line":19,"column":66},"end":{"line":19,"column":67}},"loc":{"start":{"line":19,"column":93},"end":{"line":24,"column":1}},"line":19},"3":{"name":"(anonymous_3)","decl":{"start":{"line":26,"column":70},"end":{"line":26,"column":71}},"loc":{"start":{"line":26,"column":80},"end":{"line":28,"column":1}},"line":26},"4":{"name":"(anonymous_4)","decl":{"start":{"line":30,"column":58},"end":{"line":30,"column":59}},"loc":{"start":{"line":30,"column":68},"end":{"line":32,"column":1}},"line":30},"5":{"name":"(anonymous_5)","decl":{"start":{"line":34,"column":78},"end":{"line":34,"column":79}},"loc":{"start":{"line":34,"column":96},"end":{"line":36,"column":1}},"line":34}},"branchMap":{},"s":{"0":27,"1":27,"2":4,"3":27,"4":2,"5":27,"6":3,"7":27,"8":2,"9":27,"10":2,"11":27,"12":1},"f":{"0":4,"1":2,"2":3,"3":2,"4":2,"5":1},"b":{},"_coverageSchema":"1a1c01bbd47fc00a2c39e90264f33305004495a9","hash":"d9dbd48b9fe5590f64399018e9f68327dabef9c6"}
,"C:\\Users\\korbu\\HTMLacademy\\6cities\\src\\store\\user-data\\api-actions.js": {"path":"C:\\Users\\korbu\\HTMLacademy\\6cities\\src\\store\\user-data\\api-actions.js","statementMap":{"0":{"start":{"line":4,"column":25},"end":{"line":10,"column":1}},"1":{"start":{"line":4,"column":31},"end":{"line":10,"column":1}},"2":{"start":{"line":5,"column":2},"end":{"line":9,"column":83}},"3":{"start":{"line":6,"column":22},"end":{"line":6,"column":101}},"4":{"start":{"line":7,"column":14},"end":{"line":7,"column":78}},"5":{"start":{"line":8,"column":14},"end":{"line":8,"column":67}},"6":{"start":{"line":9,"column":15},"end":{"line":9,"column":82}},"7":{"start":{"line":12,"column":21},"end":{"line":17,"column":1}},"8":{"start":{"line":12,"column":51},"end":{"line":17,"column":1}},"9":{"start":{"line":13,"column":2},"end":{"line":16,"column":68}},"10":{"start":{"line":14,"column":24},"end":{"line":14,"column":103}},"11":{"start":{"line":15,"column":16},"end":{"line":15,"column":80}},"12":{"start":{"line":16,"column":16},"end":{"line":16,"column":67}},"13":{"start":{"line":19,"column":22},"end":{"line":24,"column":1}},"14":{"start":{"line":19,"column":28},"end":{"line":24,"column":1}},"15":{"start":{"line":20,"column":2},"end":{"line":23,"column":84}},"16":{"start":{"line":21,"column":16},"end":{"line":21,"column":49}},"17":{"start":{"line":22,"column":16},"end":{"line":22,"column":51}},"18":{"start":{"line":23,"column":16},"end":{"line":23,"column":83}}},"fnMap":{"0":{"name":"(anonymous_0)","decl":{"start":{"line":4,"column":25},"end":{"line":4,"column":26}},"loc":{"start":{"line":4,"column":31},"end":{"line":10,"column":1}},"line":4},"1":{"name":"(anonymous_1)","decl":{"start":{"line":4,"column":31},"end":{"line":4,"column":32}},"loc":{"start":{"line":5,"column":2},"end":{"line":9,"column":83}},"line":5},"2":{"name":"(anonymous_2)","decl":{"start":{"line":6,"column":8},"end":{"line":6,"column":9}},"loc":{"start":{"line":6,"column":22},"end":{"line":6,"column":101}},"line":6},"3":{"name":"(anonymous_3)","decl":{"start":{"line":7,"column":8},"end":{"line":7,"column":9}},"loc":{"start":{"line":7,"column":14},"end":{"line":7,"column":78}},"line":7},"4":{"name":"(anonymous_4)","decl":{"start":{"line":8,"column":8},"end":{"line":8,"column":9}},"loc":{"start":{"line":8,"column":14},"end":{"line":8,"column":67}},"line":8},"5":{"name":"(anonymous_5)","decl":{"start":{"line":9,"column":9},"end":{"line":9,"column":10}},"loc":{"start":{"line":9,"column":15},"end":{"line":9,"column":82}},"line":9},"6":{"name":"(anonymous_6)","decl":{"start":{"line":12,"column":21},"end":{"line":12,"column":22}},"loc":{"start":{"line":12,"column":51},"end":{"line":17,"column":1}},"line":12},"7":{"name":"(anonymous_7)","decl":{"start":{"line":12,"column":51},"end":{"line":12,"column":52}},"loc":{"start":{"line":13,"column":2},"end":{"line":16,"column":68}},"line":13},"8":{"name":"(anonymous_8)","decl":{"start":{"line":14,"column":10},"end":{"line":14,"column":11}},"loc":{"start":{"line":14,"column":24},"end":{"line":14,"column":103}},"line":14},"9":{"name":"(anonymous_9)","decl":{"start":{"line":15,"column":10},"end":{"line":15,"column":11}},"loc":{"start":{"line":15,"column":16},"end":{"line":15,"column":80}},"line":15},"10":{"name":"(anonymous_10)","decl":{"start":{"line":16,"column":10},"end":{"line":16,"column":11}},"loc":{"start":{"line":16,"column":16},"end":{"line":16,"column":67}},"line":16},"11":{"name":"(anonymous_11)","decl":{"start":{"line":19,"column":22},"end":{"line":19,"column":23}},"loc":{"start":{"line":19,"column":28},"end":{"line":24,"column":1}},"line":19},"12":{"name":"(anonymous_12)","decl":{"start":{"line":19,"column":28},"end":{"line":19,"column":29}},"loc":{"start":{"line":20,"column":2},"end":{"line":23,"column":84}},"line":20},"13":{"name":"(anonymous_13)","decl":{"start":{"line":21,"column":10},"end":{"line":21,"column":11}},"loc":{"start":{"line":21,"column":16},"end":{"line":21,"column":49}},"line":21},"14":{"name":"(anonymous_14)","decl":{"start":{"line":22,"column":10},"end":{"line":22,"column":11}},"loc":{"start":{"line":22,"column":16},"end":{"line":22,"column":51}},"line":22},"15":{"name":"(anonymous_15)","decl":{"start":{"line":23,"column":10},"end":{"line":23,"column":11}},"loc":{"start":{"line":23,"column":16},"end":{"line":23,"column":83}},"line":23}},"branchMap":{},"s":{"0":9,"1":1,"2":1,"3":1,"4":1,"5":1,"6":0,"7":9,"8":1,"9":1,"10":1,"11":1,"12":1,"13":9,"14":1,"15":1,"16":1,"17":1,"18":1},"f":{"0":1,"1":1,"2":1,"3":1,"4":1,"5":0,"6":1,"7":1,"8":1,"9":1,"10":1,"11":1,"12":1,"13":1,"14":1,"15":1},"b":{},"_coverageSchema":"1a1c01bbd47fc00a2c39e90264f33305004495a9","hash":"4b544b39b824cccafd6347b30f5a99d6fb76ad67"}
,"C:\\Users\\korbu\\HTMLacademy\\6cities\\src\\store\\user-data\\reducer.js": {"path":"C:\\Users\\korbu\\HTMLacademy\\6cities\\src\\store\\user-data\\reducer.js","statementMap":{"0":{"start":{"line":5,"column":28},"end":{"line":9,"column":1}},"1":{"start":{"line":11,"column":17},"end":{"line":25,"column":2}},"2":{"start":{"line":12,"column":2},"end":{"line":14,"column":5}},"3":{"start":{"line":13,"column":4},"end":{"line":13,"column":47}},"4":{"start":{"line":15,"column":2},"end":{"line":17,"column":5}},"5":{"start":{"line":16,"column":4},"end":{"line":16,"column":33}},"6":{"start":{"line":18,"column":2},"end":{"line":20,"column":5}},"7":{"start":{"line":19,"column":4},"end":{"line":19,"column":38}},"8":{"start":{"line":21,"column":2},"end":{"line":24,"column":5}},"9":{"start":{"line":22,"column":4},"end":{"line":22,"column":49}},"10":{"start":{"line":23,"column":4},"end":{"line":23,"column":42}}},"fnMap":{"0":{"name":"(anonymous_0)","decl":{"start":{"line":11,"column":45},"end":{"line":11,"column":46}},"loc":{"start":{"line":11,"column":58},"end":{"line":25,"column":1}},"line":11},"1":{"name":"(anonymous_1)","decl":{"start":{"line":12,"column":48},"end":{"line":12,"column":49}},"loc":{"start":{"line":12,"column":67},"end":{"line":14,"column":3}},"line":12},"2":{"name":"(anonymous_2)","decl":{"start":{"line":15,"column":39},"end":{"line":15,"column":40}},"loc":{"start":{"line":15,"column":58},"end":{"line":17,"column":3}},"line":15},"3":{"name":"(anonymous_3)","decl":{"start":{"line":18,"column":41},"end":{"line":18,"column":42}},"loc":{"start":{"line":18,"column":60},"end":{"line":20,"column":3}},"line":18},"4":{"name":"(anonymous_4)","decl":{"start":{"line":21,"column":39},"end":{"line":21,"column":40}},"loc":{"start":{"line":21,"column":58},"end":{"line":24,"column":3}},"line":21}},"branchMap":{},"s":{"0":23,"1":23,"2":23,"3":1,"4":23,"5":1,"6":23,"7":1,"8":23,"9":1,"10":1},"f":{"0":23,"1":1,"2":1,"3":1,"4":1},"b":{},"_coverageSchema":"1a1c01bbd47fc00a2c39e90264f33305004495a9","hash":"dafea4d255301bfe346d84e553e79d61ce9f67ac"}
,"C:\\Users\\korbu\\HTMLacademy\\6cities\\src\\test\\test-mock.jsx": {"path":"C:\\Users\\korbu\\HTMLacademy\\6cities\\src\\test\\test-mock.jsx","statementMap":{"0":{"start":{"line":9,"column":20},"end":{"line":28,"column":1}},"1":{"start":{"line":10,"column":2},"end":{"line":10,"column":35}},"2":{"start":{"line":11,"column":2},"end":{"line":11,"column":35}},"3":{"start":{"line":12,"column":20},"end":{"line":12,"column":38}},"4":{"start":{"line":13,"column":16},"end":{"line":13,"column":40}},"5":{"start":{"line":14,"column":18},"end":{"line":14,"column":39}},"6":{"start":{"line":15,"column":2},"end":{"line":17,"column":3}},"7":{"start":{"line":16,"column":4},"end":{"line":16,"column":26}},"8":{"start":{"line":19,"column":2},"end":{"line":19,"column":28}},"9":{"start":{"line":21,"column":2},"end":{"line":27,"column":4}},"10":{"start":{"line":30,"column":0},"end":{"line":33,"column":2}}},"fnMap":{"0":{"name":"(anonymous_0)","decl":{"start":{"line":9,"column":20},"end":{"line":9,"column":21}},"loc":{"start":{"line":9,"column":45},"end":{"line":28,"column":1}},"line":9},"1":{"name":"(anonymous_1)","decl":{"start":{"line":19,"column":19},"end":{"line":19,"column":20}},"loc":{"start":{"line":19,"column":25},"end":{"line":19,"column":27}},"line":19}},"branchMap":{"0":{"loc":{"start":{"line":15,"column":2},"end":{"line":17,"column":3}},"type":"if","locations":[{"start":{"line":15,"column":2},"end":{"line":17,"column":3}},{"start":{"line":15,"column":2},"end":{"line":17,"column":3}}],"line":15}},"s":{"0":22,"1":22,"2":22,"3":22,"4":22,"5":22,"6":22,"7":0,"8":22,"9":22,"10":22},"f":{"0":22,"1":4},"b":{"0":[0,22]},"_coverageSchema":"1a1c01bbd47fc00a2c39e90264f33305004495a9","hash":"61835d2ec6e19b1b2af3d7c71202c750ffdd54d4"}
,"C:\\Users\\korbu\\HTMLacademy\\6cities\\src\\test\\test-store.js": {"path":"C:\\Users\\korbu\\HTMLacademy\\6cities\\src\\test\\test-store.js","statementMap":{"0":{"start":{"line":7,"column":29},"end":{"line":1497,"column":1}},"1":{"start":{"line":1499,"column":26},"end":{"line":1504,"column":1}}},"fnMap":{},"branchMap":{},"s":{"0":22,"1":22},"f":{},"b":{},"_coverageSchema":"1a1c01bbd47fc00a2c39e90264f33305004495a9","hash":"b8b52d383916104bfd6e621e386615b36fe4eda9"}
}
