TN:
SF:src\browser-history.js
FNF:0
FNH:0
DA:3,8
LF:1
LH:1
BRF:0
BRH:0
end_of_record
TN:
SF:src\const.js
FNF:0
FNH:0
DA:1,37
DA:52,37
DA:61,37
DA:68,37
DA:73,37
DA:80,37
DA:84,37
DA:92,37
DA:100,37
DA:102,37
LF:10
LH:10
BRF:0
BRH:0
end_of_record
TN:
SF:src\style-mock.js
FNF:0
FNH:0
LF:0
LH:0
BRF:0
BRH:0
end_of_record
TN:
SF:src\utils.js
FN:3,(anonymous_0)
FN:4,(anonymous_1)
FN:9,(anonymous_2)
FN:13,(anonymous_3)
FN:14,(anonymous_4)
FN:27,(anonymous_5)
FN:29,(anonymous_6)
FN:31,(anonymous_7)
FN:33,(anonymous_8)
FN:35,(anonymous_9)
FN:57,(anonymous_10)
FNF:11
FNH:10
FNDA:2,(anonymous_0)
FNDA:22,(anonymous_1)
FNDA:2,(anonymous_2)
FNDA:12,(anonymous_3)
FNDA:132,(anonymous_4)
FNDA:3,(anonymous_5)
FNDA:3,(anonymous_6)
FNDA:4,(anonymous_7)
FNDA:2,(anonymous_8)
FNDA:0,(anonymous_9)
FNDA:2,(anonymous_10)
DA:3,9
DA:4,2
DA:5,22
DA:9,9
DA:11,2
DA:13,2
DA:14,12
DA:15,132
DA:17,12
DA:20,12
DA:27,9
DA:29,9
DA:31,9
DA:33,9
DA:35,9
DA:36,0
DA:38,0
DA:40,0
DA:42,0
DA:44,0
DA:46,0
DA:48,0
DA:52,9
DA:57,9
LF:24
LH:17
BRDA:38,0,0,0
BRDA:38,0,1,0
BRDA:38,0,2,0
BRDA:38,0,3,0
BRDA:38,0,4,0
BRF:5
BRH:0
end_of_record
TN:
SF:src\components\app\app.jsx
FN:11,(anonymous_0)
FN:22,(anonymous_1)
FN:22,(anonymous_2)
FN:25,(anonymous_3)
FNF:4
FNH:1
FNDA:1,(anonymous_0)
FNDA:0,(anonymous_1)
FNDA:0,(anonymous_2)
FNDA:0,(anonymous_3)
DA:11,1
DA:12,1
DA:22,0
DA:26,0
DA:28,0
LF:5
LH:2
BRF:0
BRH:0
end_of_record
TN:
SF:src\components\cities-card\cities-card.jsx
FN:11,(anonymous_0)
FN:15,(anonymous_1)
FN:16,(anonymous_2)
FN:20,(anonymous_3)
FN:23,(anonymous_4)
FN:27,(anonymous_5)
FNF:6
FNH:3
FNDA:3,(anonymous_0)
FNDA:6,(anonymous_1)
FNDA:6,(anonymous_2)
FNDA:0,(anonymous_3)
FNDA:0,(anonymous_4)
FNDA:0,(anonymous_5)
DA:11,5
DA:12,3
DA:13,3
DA:15,6
DA:16,6
DA:18,3
DA:20,3
DA:21,0
DA:23,3
DA:24,0
DA:27,3
DA:28,0
DA:29,0
DA:31,0
DA:32,0
DA:33,0
DA:37,3
DA:82,5
LF:18
LH:11
BRDA:28,0,0,0
BRDA:28,0,1,0
BRDA:39,1,0,3
BRDA:39,1,1,2
BRDA:52,2,0,0
BRDA:52,2,1,3
BRF:6
BRH:3
end_of_record
TN:
SF:src\components\cities-card\cities-card.prop.js
FNF:0
FNH:0
LF:0
LH:0
BRF:0
BRH:0
end_of_record
TN:
SF:src\components\cities-list\cities-list.jsx
FN:12,(anonymous_0)
FN:14,(anonymous_1)
FN:15,(anonymous_2)
FN:17,(anonymous_3)
FN:18,(anonymous_4)
FN:19,(anonymous_5)
FN:35,(anonymous_6)
FNF:7
FNH:7
FNDA:4,(anonymous_0)
FNDA:8,(anonymous_1)
FNDA:8,(anonymous_2)
FNDA:4,(anonymous_3)
FNDA:4,(anonymous_4)
FNDA:4,(anonymous_5)
FNDA:2,(anonymous_6)
DA:12,4
DA:13,4
DA:14,8
DA:15,8
DA:17,4
DA:18,4
DA:19,4
DA:21,4
DA:23,4
DA:24,2
DA:27,2
DA:35,2
DA:46,4
LF:13
LH:13
BRDA:23,0,0,2
BRDA:23,0,1,2
BRDA:32,1,0,0
BRDA:32,1,1,2
BRF:4
BRH:3
end_of_record
TN:
SF:src\components\comment-form\comment-form.jsx
FN:11,(anonymous_0)
FN:18,(anonymous_1)
FN:20,(anonymous_2)
FN:32,(anonymous_3)
FN:34,(anonymous_4)
FN:40,(anonymous_5)
FN:42,(anonymous_6)
FN:50,(anonymous_7)
FNF:8
FNH:3
FNDA:2,(anonymous_0)
FNDA:4,(anonymous_1)
FNDA:2,(anonymous_2)
FNDA:0,(anonymous_3)
FNDA:0,(anonymous_4)
FNDA:0,(anonymous_5)
FNDA:0,(anonymous_6)
FNDA:0,(anonymous_7)
DA:11,3
DA:12,2
DA:13,2
DA:18,4
DA:20,2
DA:21,2
DA:22,0
DA:30,2
DA:32,2
DA:33,0
DA:34,0
DA:40,2
DA:41,0
DA:42,0
DA:48,2
DA:50,2
DA:51,0
DA:52,0
DA:53,0
DA:56,2
DA:78,3
LF:21
LH:13
BRDA:21,0,0,0
BRDA:21,0,1,2
BRDA:30,1,0,2
BRDA:30,1,1,0
BRDA:30,1,2,0
BRDA:30,1,3,0
BRDA:72,2,0,0
BRDA:72,2,1,2
BRF:8
BRH:3
end_of_record
TN:
SF:src\components\favorites-card\favorites-card.jsx
FN:11,(anonymous_0)
FN:15,(anonymous_1)
FN:17,(anonymous_2)
FNF:3
FNH:2
FNDA:34,(anonymous_0)
FNDA:68,(anonymous_1)
FNDA:0,(anonymous_2)
DA:11,5
DA:12,34
DA:13,34
DA:14,34
DA:15,68
DA:17,34
DA:18,0
DA:19,0
DA:20,0
DA:23,34
DA:67,5
LF:11
LH:8
BRDA:25,0,0,34
BRDA:25,0,1,7
BRDA:38,1,0,33
BRDA:38,1,1,1
BRF:4
BRH:4
end_of_record
TN:
SF:src\components\favorites-empty\favorites-empty.jsx
FN:3,(anonymous_0)
FNF:1
FNH:1
FNDA:2,(anonymous_0)
DA:3,3
DA:4,2
LF:2
LH:2
BRF:0
BRH:0
end_of_record
TN:
SF:src\components\favorites-item\favorites-item.jsx
FN:6,(anonymous_0)
FN:17,(anonymous_1)
FNF:2
FNH:2
FNDA:13,(anonymous_0)
FNDA:33,(anonymous_1)
DA:6,4
DA:7,13
DA:17,33
DA:25,4
LF:4
LH:4
BRF:0
BRH:0
end_of_record
TN:
SF:src\components\favorites-list\favorites-list.jsx
FN:6,(anonymous_0)
FN:14,(anonymous_1)
FNF:2
FNH:2
FNDA:2,(anonymous_0)
FNDA:12,(anonymous_1)
DA:6,3
DA:8,2
DA:9,2
DA:10,2
DA:14,12
DA:20,3
LF:6
LH:6
BRF:0
BRH:0
end_of_record
TN:
SF:src\components\favorites-screen\favorites-screen.jsx
FN:10,(anonymous_0)
FN:13,(anonymous_1)
FN:14,(anonymous_2)
FN:15,(anonymous_3)
FN:23,(anonymous_4)
FNF:5
FNH:5
FNDA:2,(anonymous_0)
FNDA:5,(anonymous_1)
FNDA:5,(anonymous_2)
FNDA:2,(anonymous_3)
FNDA:11,(anonymous_4)
DA:10,2
DA:11,2
DA:13,5
DA:14,5
DA:15,2
DA:16,2
DA:19,2
DA:20,0
DA:23,11
DA:24,2
LF:10
LH:9
BRDA:19,0,0,0
BRDA:19,0,1,2
BRDA:30,1,0,1
BRDA:30,1,1,1
BRF:4
BRH:3
end_of_record
TN:
SF:src\components\footer\footer.jsx
FN:4,(anonymous_0)
FNF:1
FNH:1
FNDA:5,(anonymous_0)
DA:4,5
DA:5,5
LF:2
LH:2
BRF:0
BRH:0
end_of_record
TN:
SF:src\components\form-rating\form-rating.jsx
FN:5,(anonymous_0)
FN:8,(anonymous_1)
FNF:2
FNH:2
FNDA:3,(anonymous_0)
FNDA:15,(anonymous_1)
DA:5,4
DA:6,3
DA:9,15
DA:10,15
DA:32,4
LF:5
LH:5
BRF:0
BRH:0
end_of_record
TN:
SF:src\components\form-textarea\form-textarea.jsx
FN:5,(anonymous_0)
FNF:1
FNH:1
FNDA:2,(anonymous_0)
DA:5,3
DA:6,2
DA:19,3
LF:3
LH:3
BRF:0
BRH:0
end_of_record
TN:
SF:src\components\header\header.jsx
FN:6,(anonymous_0)
FNF:1
FNH:1
FNDA:11,(anonymous_0)
DA:6,7
DA:7,11
DA:25,7
LF:3
LH:3
BRDA:6,0,0,9
BRDA:12,1,0,2
BRDA:12,1,1,9
BRF:3
BRH:3
end_of_record
TN:
SF:src\components\header-navigation\header-navigation.jsx
FN:7,(anonymous_0)
FN:8,(anonymous_1)
FN:9,(anonymous_2)
FN:10,(anonymous_3)
FN:12,(anonymous_4)
FNF:5
FNH:4
FNDA:12,(anonymous_0)
FNDA:27,(anonymous_1)
FNDA:27,(anonymous_2)
FNDA:27,(anonymous_3)
FNDA:0,(anonymous_4)
DA:7,8
DA:8,27
DA:9,27
DA:10,27
DA:11,12
DA:12,12
DA:13,0
DA:16,12
LF:8
LH:7
BRDA:18,0,0,4
BRDA:18,0,1,8
BRF:2
BRH:2
end_of_record
TN:
SF:src\components\image\image.jsx
FN:4,(anonymous_0)
FNF:1
FNH:1
FNDA:9,(anonymous_0)
DA:4,3
DA:5,9
DA:12,3
LF:3
LH:3
BRF:0
BRH:0
end_of_record
TN:
SF:src\components\loading\loading.jsx
FN:7,(anonymous_0)
FNF:1
FNH:1
FNDA:3,(anonymous_0)
DA:7,8
DA:8,3
DA:26,8
LF:3
LH:3
BRF:0
BRH:0
end_of_record
TN:
SF:src\components\location-item\location-item.jsx
FN:5,(anonymous_0)
FN:7,(anonymous_1)
FNF:2
FNH:2
FNDA:25,(anonymous_0)
FNDA:50,(anonymous_1)
DA:5,5
DA:6,25
DA:7,50
DA:8,25
DA:17,5
LF:5
LH:5
BRDA:10,0,0,4
BRDA:10,0,1,21
BRF:2
BRH:2
end_of_record
TN:
SF:src\components\location-item\location-item.props.js
FNF:0
FNH:0
LF:0
LH:0
BRF:0
BRH:0
end_of_record
TN:
SF:src\components\location-list\location-list.jsx
FN:7,(anonymous_0)
FN:9,(anonymous_1)
FN:11,(anonymous_2)
FN:17,(anonymous_3)
FNF:4
FNH:3
FNDA:4,(anonymous_0)
FNDA:8,(anonymous_1)
FNDA:0,(anonymous_2)
FNDA:24,(anonymous_3)
DA:7,4
DA:8,4
DA:9,8
DA:11,4
DA:12,0
DA:13,0
DA:15,4
DA:17,24
LF:8
LH:6
BRF:0
BRH:0
end_of_record
TN:
SF:src\components\login-screen\login-screen.jsx
FN:8,(anonymous_0)
FN:11,(anonymous_1)
FN:13,(anonymous_2)
FNF:3
FNH:2
FNDA:2,(anonymous_0)
FNDA:4,(anonymous_1)
FNDA:0,(anonymous_2)
DA:8,2
DA:9,2
DA:10,2
DA:11,4
DA:12,2
DA:13,2
DA:14,0
DA:15,0
DA:21,2
DA:22,0
DA:25,2
LF:11
LH:8
BRDA:21,0,0,0
BRDA:21,0,1,2
BRF:2
BRH:1
end_of_record
TN:
SF:src\components\main-screen\main-screen.jsx
FN:5,(anonymous_0)
FNF:1
FNH:1
FNDA:2,(anonymous_0)
DA:5,2
DA:6,2
LF:2
LH:2
BRF:0
BRH:0
end_of_record
TN:
SF:src\components\map\map.jsx
FN:9,(anonymous_0)
FN:12,(anonymous_1)
FN:15,(anonymous_2)
FN:34,(anonymous_3)
FN:39,(anonymous_4)
FN:40,(anonymous_5)
FNF:6
FNH:6
FNDA:4,(anonymous_0)
FNDA:10,(anonymous_1)
FNDA:4,(anonymous_2)
FNDA:4,(anonymous_3)
FNDA:4,(anonymous_4)
FNDA:7,(anonymous_5)
DA:9,5
DA:10,4
DA:12,10
DA:13,4
DA:15,4
DA:16,4
DA:17,4
DA:19,4
DA:26,4
DA:28,4
DA:34,4
DA:35,4
DA:39,4
DA:40,4
DA:41,7
DA:46,7
DA:58,4
DA:61,5
LF:18
LH:18
BRDA:42,0,0,2
BRDA:42,0,1,5
BRF:2
BRH:2
end_of_record
TN:
SF:src\components\near-places-card\near-places-card.jsx
FN:10,(anonymous_0)
FN:15,(anonymous_1)
FN:16,(anonymous_2)
FN:18,(anonymous_3)
FNF:4
FNH:3
FNDA:7,(anonymous_0)
FNDA:14,(anonymous_1)
FNDA:14,(anonymous_2)
FNDA:0,(anonymous_3)
DA:10,4
DA:11,7
DA:12,7
DA:14,7
DA:15,14
DA:16,14
DA:18,7
DA:19,0
DA:20,0
DA:22,0
DA:23,0
DA:24,0
DA:28,7
DA:71,4
LF:14
LH:9
BRDA:19,0,0,0
BRDA:19,0,1,0
BRDA:30,1,0,7
BRDA:30,1,1,3
BRDA:43,2,0,0
BRDA:43,2,1,7
BRF:6
BRH:3
end_of_record
TN:
SF:src\components\near-places-list\near-places-list.jsx
FN:7,(anonymous_0)
FN:8,(anonymous_1)
FN:9,(anonymous_2)
FN:20,(anonymous_3)
FNF:4
FNH:4
FNDA:3,(anonymous_0)
FNDA:8,(anonymous_1)
FNDA:8,(anonymous_2)
FNDA:6,(anonymous_3)
DA:7,3
DA:8,8
DA:9,8
DA:12,3
DA:13,1
DA:16,2
DA:20,6
DA:26,3
LF:8
LH:8
BRDA:12,0,0,1
BRDA:12,0,1,2
BRF:2
BRH:2
end_of_record
TN:
SF:src\components\no-places\no-places.jsx
FN:4,(anonymous_0)
FN:5,(anonymous_1)
FNF:2
FNH:2
FNDA:3,(anonymous_0)
FNDA:6,(anonymous_1)
DA:4,5
DA:5,6
DA:6,3
LF:3
LH:3
BRF:0
BRH:0
end_of_record
TN:
SF:src\components\not-found-screen\not-found-screen.jsx
FN:5,(anonymous_0)
FNF:1
FNH:1
FNDA:2,(anonymous_0)
DA:5,3
DA:6,2
LF:2
LH:2
BRF:0
BRH:0
end_of_record
TN:
SF:src\components\offer-item\offer-item.jsx
FN:4,(anonymous_0)
FNF:1
FNH:1
FNDA:15,(anonymous_0)
DA:4,4
DA:5,15
DA:10,4
LF:3
LH:3
BRF:0
BRH:0
end_of_record
TN:
SF:src\components\offer-screen\offer-screen.jsx
FN:20,(anonymous_0)
FN:24,(anonymous_1)
FN:25,(anonymous_2)
FN:26,(anonymous_3)
FN:27,(anonymous_4)
FN:29,(anonymous_5)
FN:32,(anonymous_6)
FN:61,(anonymous_7)
FN:84,(anonymous_8)
FN:156,(anonymous_9)
FN:156,(anonymous_10)
FNF:11
FNH:9
FNDA:2,(anonymous_0)
FNDA:6,(anonymous_1)
FNDA:6,(anonymous_2)
FNDA:6,(anonymous_3)
FNDA:6,(anonymous_4)
FNDA:2,(anonymous_5)
FNDA:2,(anonymous_6)
FNDA:0,(anonymous_7)
FNDA:8,(anonymous_8)
FNDA:1,(anonymous_9)
FNDA:0,(anonymous_10)
DA:20,2
DA:22,2
DA:24,6
DA:25,6
DA:26,6
DA:27,6
DA:29,2
DA:30,2
DA:31,2
DA:32,2
DA:33,2
DA:37,2
DA:38,0
DA:41,2
DA:42,0
DA:59,2
DA:61,2
DA:62,0
DA:63,0
DA:65,0
DA:66,0
DA:67,0
DA:71,2
DA:73,2
DA:74,2
DA:76,2
DA:84,8
DA:156,1
DA:171,2
LF:29
LH:22
BRDA:37,0,0,0
BRDA:37,0,1,2
BRDA:41,1,0,0
BRDA:41,1,1,2
BRDA:62,2,0,0
BRDA:62,2,1,0
BRDA:89,3,0,1
BRDA:89,3,1,1
BRDA:99,4,0,0
BRDA:99,4,1,2
BRDA:141,5,0,2
BRDA:141,5,1,2
BRF:12
BRH:7
end_of_record
TN:
SF:src\components\offers-list\offers-list.jsx
FN:5,(anonymous_0)
FN:11,(anonymous_1)
FNF:2
FNH:2
FNDA:3,(anonymous_0)
FNDA:14,(anonymous_1)
DA:5,3
DA:6,3
DA:7,0
DA:9,3
DA:11,14
DA:16,3
LF:6
LH:5
BRDA:6,0,0,0
BRDA:6,0,1,3
BRF:2
BRH:1
end_of_record
TN:
SF:src\components\places\places.jsx
FN:7,(anonymous_0)
FN:8,(anonymous_1)
FNF:2
FNH:2
FNDA:3,(anonymous_0)
FNDA:6,(anonymous_1)
DA:7,3
DA:8,6
DA:10,3
DA:11,0
DA:16,3
LF:5
LH:4
BRDA:10,0,0,0
BRDA:10,0,1,3
BRF:2
BRH:1
end_of_record
TN:
SF:src\components\places\places.prop.js
FNF:0
FNH:0
LF:0
LH:0
BRF:0
BRH:0
end_of_record
TN:
SF:src\components\private-route\private-route.jsx
FN:7,(anonymous_0)
FN:8,(anonymous_1)
FN:9,(anonymous_2)
FN:21,(anonymous_3)
FNF:4
FNH:3
FNDA:4,(anonymous_0)
FNDA:10,(anonymous_1)
FNDA:10,(anonymous_2)
FNDA:0,(anonymous_3)
DA:7,3
DA:8,10
DA:9,10
DA:11,4
DA:12,1
DA:14,3
DA:21,3
LF:7
LH:7
BRDA:11,0,0,1
BRDA:11,0,1,3
BRDA:15,1,0,2
BRDA:15,1,1,1
BRF:4
BRH:4
end_of_record
TN:
SF:src\components\review\comment.prop.js
FNF:0
FNH:0
LF:0
LH:0
BRF:0
BRH:0
end_of_record
TN:
SF:src\components\review\review.jsx
FN:4,(anonymous_0)
FNF:1
FNH:1
FNDA:3,(anonymous_0)
DA:4,4
DA:10,3
DA:11,3
DA:12,3
DA:40,4
LF:5
LH:5
BRF:0
BRH:0
end_of_record
TN:
SF:src\components\reviews\reviews.jsx
FN:5,(anonymous_0)
FN:6,(anonymous_1)
FN:12,(anonymous_2)
FNF:3
FNH:3
FNDA:3,(anonymous_0)
FNDA:8,(anonymous_1)
FNDA:2,(anonymous_2)
DA:5,3
DA:6,8
DA:8,3
DA:13,2
LF:4
LH:4
BRF:0
BRH:0
end_of_record
TN:
SF:src\components\sort\sort.jsx
FN:6,(anonymous_0)
FN:7,(anonymous_1)
FN:12,(anonymous_2)
FN:26,(anonymous_3)
FNF:4
FNH:3
FNDA:3,(anonymous_0)
FNDA:6,(anonymous_1)
FNDA:0,(anonymous_2)
FNDA:12,(anonymous_3)
DA:6,5
DA:7,6
DA:9,3
DA:11,3
DA:12,3
DA:13,0
DA:14,0
DA:16,3
DA:26,12
LF:9
LH:7
BRF:0
BRH:0
end_of_record
TN:
SF:src\components\sort-item\sort-item.jsx
FN:6,(anonymous_0)
FN:9,(anonymous_1)
FNF:2
FNH:1
FNDA:13,(anonymous_0)
FNDA:0,(anonymous_1)
DA:6,6
DA:7,13
DA:9,13
DA:10,0
DA:11,0
DA:14,13
DA:19,6
LF:7
LH:5
BRF:0
BRH:0
end_of_record
TN:
SF:src\middlewares\redirect.js
FN:4,(anonymous_0)
FN:4,(anonymous_1)
FN:4,(anonymous_2)
FNF:3
FNH:3
FNDA:4,(anonymous_0)
FNDA:4,(anonymous_1)
FNDA:4,(anonymous_2)
DA:4,4
DA:5,4
DA:6,3
DA:9,4
LF:4
LH:4
BRDA:5,0,0,3
BRDA:5,0,1,1
BRF:2
BRH:2
end_of_record
TN:
SF:src\services\api.js
FN:14,(anonymous_0)
FN:21,(anonymous_1)
FN:23,(anonymous_2)
FNF:3
FNH:2
FNDA:3,(anonymous_0)
FNDA:11,(anonymous_1)
FNDA:0,(anonymous_2)
DA:3,3
DA:5,3
DA:7,3
DA:14,3
DA:15,3
DA:21,11
DA:23,3
DA:24,0
DA:25,0
DA:26,0
DA:27,0
DA:30,0
DA:33,3
DA:35,3
LF:14
LH:9
BRDA:25,0,0,0
BRDA:25,0,1,0
BRF:2
BRH:0
end_of_record
TN:
SF:src\store\current-offer-data\actions.js
FN:13,(anonymous_0)
FN:17,(anonymous_1)
FN:21,(anonymous_2)
FN:25,(anonymous_3)
FN:29,(anonymous_4)
FN:33,(anonymous_5)
FNF:6
FNH:6
FNDA:3,(anonymous_0)
FNDA:2,(anonymous_1)
FNDA:3,(anonymous_2)
FNDA:1,(anonymous_3)
FNDA:2,(anonymous_4)
FNDA:5,(anonymous_5)
DA:3,28
DA:13,28
DA:17,28
DA:21,28
DA:25,28
DA:29,28
DA:33,28
DA:37,28
LF:8
LH:8
BRF:0
BRH:0
end_of_record
TN:
SF:src\store\current-offer-data\api-actions.js
FN:4,(anonymous_0)
FN:4,(anonymous_1)
FN:10,(anonymous_2)
FN:16,(anonymous_3)
FN:17,(anonymous_4)
FN:20,(anonymous_5)
FN:20,(anonymous_6)
FN:22,(anonymous_7)
FN:23,(anonymous_8)
FN:24,(anonymous_9)
FN:25,(anonymous_10)
FN:25,(anonymous_11)
FN:28,(anonymous_12)
FN:28,(anonymous_13)
FN:30,(anonymous_14)
FN:31,(anonymous_15)
FN:32,(anonymous_16)
FN:33,(anonymous_17)
FN:33,(anonymous_18)
FN:36,(anonymous_19)
FN:36,(anonymous_20)
FN:38,(anonymous_21)
FN:42,(anonymous_22)
FN:43,(anonymous_23)
FNF:24
FNH:13
FNDA:2,(anonymous_0)
FNDA:1,(anonymous_1)
FNDA:1,(anonymous_2)
FNDA:1,(anonymous_3)
FNDA:0,(anonymous_4)
FNDA:1,(anonymous_5)
FNDA:1,(anonymous_6)
FNDA:1,(anonymous_7)
FNDA:1,(anonymous_8)
FNDA:0,(anonymous_9)
FNDA:1,(anonymous_10)
FNDA:0,(anonymous_11)
FNDA:0,(anonymous_12)
FNDA:0,(anonymous_13)
FNDA:0,(anonymous_14)
FNDA:0,(anonymous_15)
FNDA:0,(anonymous_16)
FNDA:0,(anonymous_17)
FNDA:0,(anonymous_18)
FNDA:1,(anonymous_19)
FNDA:1,(anonymous_20)
FNDA:1,(anonymous_21)
FNDA:1,(anonymous_22)
FNDA:0,(anonymous_23)
DA:4,9
DA:5,1
DA:11,1
DA:12,1
DA:13,1
DA:14,1
DA:16,1
DA:17,0
DA:20,9
DA:21,1
DA:22,1
DA:23,1
DA:24,0
DA:25,1
DA:28,9
DA:29,0
DA:30,0
DA:31,0
DA:32,0
DA:33,0
DA:36,9
DA:37,1
DA:39,1
DA:40,1
DA:42,1
DA:43,0
LF:26
LH:18
BRF:0
BRH:0
end_of_record
TN:
SF:src\store\current-offer-data\reducer.js
FN:13,(anonymous_0)
FN:14,(anonymous_1)
FN:21,(anonymous_2)
FN:22,(anonymous_3)
FN:26,(anonymous_4)
FN:30,(anonymous_5)
FN:34,(anonymous_6)
FN:37,(anonymous_7)
FNF:8
FNH:8
FNDA:1,(anonymous_0)
FNDA:2,(anonymous_1)
FNDA:23,(anonymous_2)
FNDA:1,(anonymous_3)
FNDA:1,(anonymous_4)
FNDA:1,(anonymous_5)
FNDA:1,(anonymous_6)
FNDA:1,(anonymous_7)
DA:4,23
DA:13,23
DA:14,2
DA:15,1
DA:16,0
DA:18,1
DA:21,23
DA:22,23
DA:23,1
DA:24,1
DA:26,23
DA:27,1
DA:28,1
DA:30,23
DA:31,1
DA:32,1
DA:34,23
DA:35,1
DA:37,23
DA:38,1
DA:39,1
DA:40,1
DA:41,1
DA:42,1
DA:43,1
LF:25
LH:24
BRDA:15,0,0,0
BRDA:15,0,1,1
BRF:2
BRH:1
end_of_record
TN:
SF:src\store\offers-data\actions.js
FN:10,(anonymous_0)
FN:14,(anonymous_1)
FN:18,(anonymous_2)
FN:22,(anonymous_3)
FNF:4
FNH:4
FNDA:2,(anonymous_0)
FNDA:1,(anonymous_1)
FNDA:2,(anonymous_2)
FNDA:2,(anonymous_3)
DA:3,28
DA:10,28
DA:14,28
DA:18,28
DA:22,28
LF:5
LH:5
BRF:0
BRH:0
end_of_record
TN:
SF:src\store\offers-data\api-actions.js
FN:4,(anonymous_0)
FN:4,(anonymous_1)
FN:6,(anonymous_2)
FN:9,(anonymous_3)
FN:9,(anonymous_4)
FN:11,(anonymous_5)
FN:14,(anonymous_6)
FN:14,(anonymous_7)
FN:16,(anonymous_8)
FN:17,(anonymous_9)
FN:18,(anonymous_10)
FN:19,(anonymous_11)
FN:19,(anonymous_12)
FNF:13
FNH:11
FNDA:1,(anonymous_0)
FNDA:1,(anonymous_1)
FNDA:1,(anonymous_2)
FNDA:2,(anonymous_3)
FNDA:1,(anonymous_4)
FNDA:1,(anonymous_5)
FNDA:1,(anonymous_6)
FNDA:1,(anonymous_7)
FNDA:1,(anonymous_8)
FNDA:1,(anonymous_9)
FNDA:0,(anonymous_10)
FNDA:1,(anonymous_11)
FNDA:0,(anonymous_12)
DA:4,5
DA:5,1
DA:6,1
DA:9,5
DA:10,1
DA:11,1
DA:14,5
DA:15,1
DA:16,1
DA:17,1
DA:18,0
DA:19,1
LF:12
LH:11
BRF:0
BRH:0
end_of_record
TN:
SF:src\store\offers-data\reducer.js
FN:13,(anonymous_0)
FN:14,(anonymous_1)
FN:21,(anonymous_2)
FN:22,(anonymous_3)
FN:26,(anonymous_4)
FN:30,(anonymous_5)
FN:33,(anonymous_6)
FNF:7
FNH:6
FNDA:1,(anonymous_0)
FNDA:2,(anonymous_1)
FNDA:23,(anonymous_2)
FNDA:1,(anonymous_3)
FNDA:0,(anonymous_4)
FNDA:1,(anonymous_5)
FNDA:1,(anonymous_6)
DA:5,23
DA:13,23
DA:14,2
DA:15,1
DA:16,0
DA:18,1
DA:21,23
DA:22,23
DA:23,1
DA:24,1
DA:26,23
DA:27,0
DA:28,0
DA:30,23
DA:31,1
DA:33,23
DA:34,1
LF:17
LH:14
BRDA:15,0,0,0
BRDA:15,0,1,1
BRF:2
BRH:1
end_of_record
TN:
SF:src\store\offers-data\selectors.js
FN:5,(anonymous_0)
FN:6,(anonymous_1)
FNF:2
FNH:2
FNDA:8,(anonymous_0)
FNDA:42,(anonymous_1)
DA:5,5
DA:6,42
DA:7,8
DA:9,3
DA:11,1
DA:13,1
DA:15,1
DA:17,2
LF:8
LH:8
BRDA:7,0,0,3
BRDA:7,0,1,1
BRDA:7,0,2,1
BRDA:7,0,3,1
BRDA:7,0,4,2
BRF:5
BRH:5
end_of_record
TN:
SF:src\store\screen\actions.js
FN:9,(anonymous_0)
FN:13,(anonymous_1)
FN:17,(anonymous_2)
FNF:3
FNH:3
FNDA:1,(anonymous_0)
FNDA:1,(anonymous_1)
FNDA:4,(anonymous_2)
DA:3,27
DA:9,27
DA:13,27
DA:17,27
LF:4
LH:4
BRF:0
BRH:0
end_of_record
TN:
SF:src\store\screen\reducer.js
FN:10,(anonymous_0)
FN:11,(anonymous_1)
FN:14,(anonymous_2)
FNF:3
FNH:3
FNDA:23,(anonymous_0)
FNDA:1,(anonymous_1)
FNDA:1,(anonymous_2)
DA:5,23
DA:10,23
DA:11,23
DA:12,1
DA:14,23
DA:15,1
LF:6
LH:6
BRF:0
BRH:0
end_of_record
TN:
SF:src\store\user-data\actions.js
FN:11,(anonymous_0)
FN:15,(anonymous_1)
FN:19,(anonymous_2)
FN:26,(anonymous_3)
FN:30,(anonymous_4)
FN:34,(anonymous_5)
FNF:6
FNH:6
FNDA:4,(anonymous_0)
FNDA:2,(anonymous_1)
FNDA:3,(anonymous_2)
FNDA:2,(anonymous_3)
FNDA:2,(anonymous_4)
FNDA:1,(anonymous_5)
DA:3,27
DA:11,27
DA:15,27
DA:19,27
DA:26,27
DA:30,27
DA:34,27
LF:7
LH:7
BRF:0
BRH:0
end_of_record
TN:
SF:src\store\user-data\api-actions.js
FN:4,(anonymous_0)
FN:4,(anonymous_1)
FN:6,(anonymous_2)
FN:7,(anonymous_3)
FN:8,(anonymous_4)
FN:9,(anonymous_5)
FN:12,(anonymous_6)
FN:12,(anonymous_7)
FN:14,(anonymous_8)
FN:15,(anonymous_9)
FN:16,(anonymous_10)
FN:19,(anonymous_11)
FN:19,(anonymous_12)
FN:21,(anonymous_13)
FN:22,(anonymous_14)
FN:23,(anonymous_15)
FNF:16
FNH:15
FNDA:1,(anonymous_0)
FNDA:1,(anonymous_1)
FNDA:1,(anonymous_2)
FNDA:1,(anonymous_3)
FNDA:1,(anonymous_4)
FNDA:0,(anonymous_5)
FNDA:1,(anonymous_6)
FNDA:1,(anonymous_7)
FNDA:1,(anonymous_8)
FNDA:1,(anonymous_9)
FNDA:1,(anonymous_10)
FNDA:1,(anonymous_11)
FNDA:1,(anonymous_12)
FNDA:1,(anonymous_13)
FNDA:1,(anonymous_14)
FNDA:1,(anonymous_15)
DA:4,9
DA:5,1
DA:6,1
DA:7,1
DA:8,1
DA:9,0
DA:12,9
DA:13,1
DA:14,1
DA:15,1
DA:16,1
DA:19,9
DA:20,1
DA:21,1
DA:22,1
DA:23,1
LF:16
LH:15
BRF:0
BRH:0
end_of_record
TN:
SF:src\store\user-data\reducer.js
FN:11,(anonymous_0)
FN:12,(anonymous_1)
FN:15,(anonymous_2)
FN:18,(anonymous_3)
FN:21,(anonymous_4)
FNF:5
FNH:5
FNDA:23,(anonymous_0)
FNDA:1,(anonymous_1)
FNDA:1,(anonymous_2)
FNDA:1,(anonymous_3)
FNDA:1,(anonymous_4)
DA:5,23
DA:11,23
DA:12,23
DA:13,1
DA:15,23
DA:16,1
DA:18,23
DA:19,1
DA:21,23
DA:22,1
DA:23,1
LF:11
LH:11
BRF:0
BRH:0
end_of_record
TN:
SF:src\test\test-mock.jsx
FN:9,(anonymous_0)
FN:19,(anonymous_1)
FNF:2
FNH:2
FNDA:22,(anonymous_0)
FNDA:4,(anonymous_1)
DA:9,22
DA:10,22
DA:11,22
DA:12,22
DA:13,22
DA:14,22
DA:15,22
DA:16,0
DA:19,22
DA:21,22
DA:30,22
LF:11
LH:10
BRDA:15,0,0,0
BRDA:15,0,1,22
BRF:2
BRH:1
end_of_record
TN:
SF:src\test\test-store.js
FNF:0
FNH:0
DA:7,22
DA:1499,22
LF:2
LH:2
BRF:0
BRH:0
end_of_record
